The target system is: Linux -  - cortexa8hf-neon-poky
The host system is: Linux - 5.8.0-48-generic - x86_64
Compiling the C compiler identification source file "CMakeCCompilerId.c" succeeded.
Compiler: /opt/ost-distro/1.0/sysroots/x86_64-pokysdk-linux/usr/bin/arm-poky-linux-gnueabi/arm-poky-linux-gnueabi-gcc -mfpu=neon;-mfloat-abi=hard;-mcpu=cortex-a8;-fstack-protector-strong;-D_FORTIFY_SOURCE=2;-Wformat;-Wformat-security;-Werror=format-security;--sysroot=/opt/ost-distro/1.0/sysroots/cortexa8hf-neon-poky-linux-gnueabi
Build flags: ;-O2;-pipe;-g;-feliminate-unused-debug-types;
Id flags:  

The output was:
0


Compilation of the C compiler identification source "CMakeCCompilerId.c" produced "a.out"

The C compiler identification is GNU, found in "/home/jf/eeros-basic-template/build/CMakeFiles/3.16.5/CompilerIdC/a.out"

Compiling the CXX compiler identification source file "CMakeCXXCompilerId.cpp" succeeded.
Compiler: /opt/ost-distro/1.0/sysroots/x86_64-pokysdk-linux/usr/bin/arm-poky-linux-gnueabi/arm-poky-linux-gnueabi-g++ -mfpu=neon;-mfloat-abi=hard;-mcpu=cortex-a8;-fstack-protector-strong;-D_FORTIFY_SOURCE=2;-Wformat;-Wformat-security;-Werror=format-security;--sysroot=/opt/ost-distro/1.0/sysroots/cortexa8hf-neon-poky-linux-gnueabi
Build flags: ;-O2;-pipe;-g;-feliminate-unused-debug-types;
Id flags:  

The output was:
0


Compilation of the CXX compiler identification source "CMakeCXXCompilerId.cpp" produced "a.out"

The CXX compiler identification is GNU, found in "/home/jf/eeros-basic-template/build/CMakeFiles/3.16.5/CompilerIdCXX/a.out"

Determining if the C compiler works passed with the following output:
Change Dir: /home/jf/eeros-basic-template/build/CMakeFiles/CMakeTmp

Run Build Command(s):/opt/ost-distro/1.0/sysroots/x86_64-pokysdk-linux/usr/bin/ninja cmTC_e54b3 && [1/2] Building C object CMakeFiles/cmTC_e54b3.dir/testCCompiler.c.o
[2/2] Linking C executable cmTC_e54b3



Detecting C compiler ABI info compiled with the following output:
Change Dir: /home/jf/eeros-basic-template/build/CMakeFiles/CMakeTmp

Run Build Command(s):/opt/ost-distro/1.0/sysroots/x86_64-pokysdk-linux/usr/bin/ninja cmTC_7c4eb && [1/2] Building C object CMakeFiles/cmTC_7c4eb.dir/CMakeCCompilerABI.c.o
Using built-in specs.
COLLECT_GCC=/opt/ost-distro/1.0/sysroots/x86_64-pokysdk-linux/usr/bin/arm-poky-linux-gnueabi/arm-poky-linux-gnueabi-gcc
Target: arm-poky-linux-gnueabi
Configured with: ../../../../../../work-shared/gcc-9.3.0-r0/gcc-9.3.0/configure --build=x86_64-linux --host=x86_64-pokysdk-linux --target=arm-poky-linux-gnueabi --prefix=/opt/ost-distro/1.0/sysroots/x86_64-pokysdk-linux/usr --exec_prefix=/opt/ost-distro/1.0/sysroots/x86_64-pokysdk-linux/usr --bindir=/opt/ost-distro/1.0/sysroots/x86_64-pokysdk-linux/usr/bin/arm-poky-linux-gnueabi --sbindir=/opt/ost-distro/1.0/sysroots/x86_64-pokysdk-linux/usr/bin/arm-poky-linux-gnueabi --libexecdir=/opt/ost-distro/1.0/sysroots/x86_64-pokysdk-linux/usr/libexec/arm-poky-linux-gnueabi --datadir=/opt/ost-distro/1.0/sysroots/x86_64-pokysdk-linux/usr/share --sysconfdir=/opt/ost-distro/1.0/sysroots/x86_64-pokysdk-linux/etc --sharedstatedir=/opt/ost-distro/1.0/sysroots/x86_64-pokysdk-linux/com --localstatedir=/opt/ost-distro/1.0/sysroots/x86_64-pokysdk-linux/var --libdir=/opt/ost-distro/1.0/sysroots/x86_64-pokysdk-linux/usr/lib/arm-poky-linux-gnueabi --includedir=/opt/ost-distro/1.0/sysroots/x86_64-pokysdk-linux/usr/include --oldincludedir=/opt/ost-distro/1.0/sysroots/x86_64-pokysdk-linux/usr/include --infodir=/opt/ost-distro/1.0/sysroots/x86_64-pokysdk-linux/usr/share/info --mandir=/opt/ost-distro/1.0/sysroots/x86_64-pokysdk-linux/usr/share/man --disable-silent-rules --disable-dependency-tracking --with-libtool-sysroot=/home/ubuntu/yocto/build/tmp/work/x86_64-nativesdk-pokysdk-linux/gcc-cross-canadian-arm/9.3.0-r0/recipe-sysroot --with-gnu-ld --enable-shared --enable-languages=c,c++,fortran --enable-threads=posix --enable-multilib --enable-default-pie --enable-c99 --enable-long-long --enable-symvers=gnu --enable-libstdcxx-pch --program-prefix=arm-poky-linux-gnueabi- --without-local-prefix --disable-install-libiberty --enable-lto --disable-libssp --enable-libitm --disable-bootstrap --disable-libmudflap --with-system-zlib --with-linker-hash-style=gnu --enable-linker-build-id --with-ppl=no --with-cloog=no --enable-checking=release --enable-cheaders=c_global --without-isl --with-gxx-include-dir=/not/exist/usr/include/c++/9.3.0 --with-build-time-tools=/home/ubuntu/yocto/build/tmp/work/x86_64-nativesdk-pokysdk-linux/gcc-cross-canadian-arm/9.3.0-r0/recipe-sysroot-native/usr/arm-poky-linux-gnueabi/bin --with-sysroot=/not/exist --with-build-sysroot=/home/ubuntu/yocto/build/tmp/work/x86_64-nativesdk-pokysdk-linux/gcc-cross-canadian-arm/9.3.0-r0/recipe-sysroot --enable-poison-system-directories --disable-static --enable-nls --with-glibc-version=2.28 --enable-initfini-array
Thread model: posix
gcc version 9.3.0 (GCC) 
COLLECT_GCC_OPTIONS='--sysroot=/opt/ost-distro/1.0/sysroots/cortexa8hf-neon-poky-linux-gnueabi' '-mfpu=neon' '-mfloat-abi=hard' '-mcpu=cortex-a8' '-fstack-protector-strong' '-D' '_FORTIFY_SOURCE=2' '-Wformat=1' '-Wformat-security' '-Werror=format-security' '-O2' '-pipe' '-g' '-feliminate-unused-debug-types' '-v' '-o' 'CMakeFiles/cmTC_7c4eb.dir/CMakeCCompilerABI.c.o' '-c' '-mtls-dialect=gnu' '-marm' '-march=armv7-a+sec+simd'
 /opt/ost-distro/1.0/sysroots/x86_64-pokysdk-linux/usr/libexec/arm-poky-linux-gnueabi/gcc/arm-poky-linux-gnueabi/9.3.0/cc1 -quiet -v -isysroot /opt/ost-distro/1.0/sysroots/cortexa8hf-neon-poky-linux-gnueabi -D _FORTIFY_SOURCE=2 /opt/ost-distro/1.0/sysroots/x86_64-pokysdk-linux/usr/share/cmake-3.16/Modules/CMakeCCompilerABI.c -quiet -dumpbase CMakeCCompilerABI.c -mfpu=neon -mfloat-abi=hard -mcpu=cortex-a8 -mtls-dialect=gnu -marm -march=armv7-a+sec+simd -auxbase-strip CMakeFiles/cmTC_7c4eb.dir/CMakeCCompilerABI.c.o -g -O2 -Wformat=1 -Wformat-security -Werror=format-security -version -fstack-protector-strong -feliminate-unused-debug-types -o - |
 /opt/ost-distro/1.0/sysroots/x86_64-pokysdk-linux/usr/libexec/arm-poky-linux-gnueabi/gcc/arm-poky-linux-gnueabi/9.3.0/as -v -march=armv7-a+sec -mfloat-abi=hard -mfpu=neon -meabi=5 -o CMakeFiles/cmTC_7c4eb.dir/CMakeCCompilerABI.c.o
GNU assembler version 2.34.0 (arm-poky-linux-gnueabi) using BFD version (GNU Binutils) 2.34.0.20200220
GNU C17 (GCC) version 9.3.0 (arm-poky-linux-gnueabi)
	compiled by GNU C version 9.3.0, GMP version 6.2.0, MPFR version 4.0.2, MPC version 1.1.0, isl version none
GGC heuristics: --param ggc-min-expand=100 --param ggc-min-heapsize=131072
ignoring nonexistent directory "/opt/ost-distro/1.0/sysroots/cortexa8hf-neon-poky-linux-gnueabi/usr/lib/arm-poky-linux-gnueabi/9.3.0/include"
ignoring nonexistent directory "/opt/ost-distro/1.0/sysroots/cortexa8hf-neon-poky-linux-gnueabi/usr/local/include"
ignoring nonexistent directory "/opt/ost-distro/1.0/sysroots/x86_64-pokysdk-linux/usr/lib/arm-poky-linux-gnueabi/gcc/arm-poky-linux-gnueabi/9.3.0/../../../../../arm-poky-linux-gnueabi/include"
#include "..." search starts here:
#include <...> search starts here:
 /opt/ost-distro/1.0/sysroots/x86_64-pokysdk-linux/usr/lib/arm-poky-linux-gnueabi/gcc/arm-poky-linux-gnueabi/9.3.0/include
 /opt/ost-distro/1.0/sysroots/x86_64-pokysdk-linux/usr/lib/arm-poky-linux-gnueabi/gcc/arm-poky-linux-gnueabi/9.3.0/include-fixed
 /opt/ost-distro/1.0/sysroots/cortexa8hf-neon-poky-linux-gnueabi/usr/include/
End of search list.
GNU C17 (GCC) version 9.3.0 (arm-poky-linux-gnueabi)
	compiled by GNU C version 9.3.0, GMP version 6.2.0, MPFR version 4.0.2, MPC version 1.1.0, isl version none
GGC heuristics: --param ggc-min-expand=100 --param ggc-min-heapsize=131072
Compiler executable checksum: ab4952858a11c3970a2c3c5837437481
COMPILER_PATH=/opt/ost-distro/1.0/sysroots/x86_64-pokysdk-linux/usr/libexec/arm-poky-linux-gnueabi/gcc/arm-poky-linux-gnueabi/9.3.0/:/opt/ost-distro/1.0/sysroots/x86_64-pokysdk-linux/usr/libexec/arm-poky-linux-gnueabi/gcc/arm-poky-linux-gnueabi/9.3.0/:/opt/ost-distro/1.0/sysroots/x86_64-pokysdk-linux/usr/libexec/arm-poky-linux-gnueabi/gcc/arm-poky-linux-gnueabi/:/opt/ost-distro/1.0/sysroots/x86_64-pokysdk-linux/usr/lib/arm-poky-linux-gnueabi/gcc/arm-poky-linux-gnueabi/9.3.0/:/opt/ost-distro/1.0/sysroots/x86_64-pokysdk-linux/usr/lib/arm-poky-linux-gnueabi/gcc/arm-poky-linux-gnueabi/
LIBRARY_PATH=/opt/ost-distro/1.0/sysroots/x86_64-pokysdk-linux/usr/lib/arm-poky-linux-gnueabi/gcc/arm-poky-linux-gnueabi/9.3.0/:/opt/ost-distro/1.0/sysroots/cortexa8hf-neon-poky-linux-gnueabi/lib/:/opt/ost-distro/1.0/sysroots/cortexa8hf-neon-poky-linux-gnueabi/usr/lib/arm-poky-linux-gnueabi/9.3.0/:/opt/ost-distro/1.0/sysroots/cortexa8hf-neon-poky-linux-gnueabi/usr/lib/
COLLECT_GCC_OPTIONS='--sysroot=/opt/ost-distro/1.0/sysroots/cortexa8hf-neon-poky-linux-gnueabi' '-mfpu=neon' '-mfloat-abi=hard' '-mcpu=cortex-a8' '-fstack-protector-strong' '-D' '_FORTIFY_SOURCE=2' '-Wformat=1' '-Wformat-security' '-Werror=format-security' '-O2' '-pipe' '-g' '-feliminate-unused-debug-types' '-v' '-o' 'CMakeFiles/cmTC_7c4eb.dir/CMakeCCompilerABI.c.o' '-c' '-mtls-dialect=gnu' '-marm' '-march=armv7-a+sec+simd'
[2/2] Linking C executable cmTC_7c4eb
Using built-in specs.
COLLECT_GCC=/opt/ost-distro/1.0/sysroots/x86_64-pokysdk-linux/usr/bin/arm-poky-linux-gnueabi/arm-poky-linux-gnueabi-gcc
COLLECT_LTO_WRAPPER=/opt/ost-distro/1.0/sysroots/x86_64-pokysdk-linux/usr/libexec/arm-poky-linux-gnueabi/gcc/arm-poky-linux-gnueabi/9.3.0/lto-wrapper
Target: arm-poky-linux-gnueabi
Configured with: ../../../../../../work-shared/gcc-9.3.0-r0/gcc-9.3.0/configure --build=x86_64-linux --host=x86_64-pokysdk-linux --target=arm-poky-linux-gnueabi --prefix=/opt/ost-distro/1.0/sysroots/x86_64-pokysdk-linux/usr --exec_prefix=/opt/ost-distro/1.0/sysroots/x86_64-pokysdk-linux/usr --bindir=/opt/ost-distro/1.0/sysroots/x86_64-pokysdk-linux/usr/bin/arm-poky-linux-gnueabi --sbindir=/opt/ost-distro/1.0/sysroots/x86_64-pokysdk-linux/usr/bin/arm-poky-linux-gnueabi --libexecdir=/opt/ost-distro/1.0/sysroots/x86_64-pokysdk-linux/usr/libexec/arm-poky-linux-gnueabi --datadir=/opt/ost-distro/1.0/sysroots/x86_64-pokysdk-linux/usr/share --sysconfdir=/opt/ost-distro/1.0/sysroots/x86_64-pokysdk-linux/etc --sharedstatedir=/opt/ost-distro/1.0/sysroots/x86_64-pokysdk-linux/com --localstatedir=/opt/ost-distro/1.0/sysroots/x86_64-pokysdk-linux/var --libdir=/opt/ost-distro/1.0/sysroots/x86_64-pokysdk-linux/usr/lib/arm-poky-linux-gnueabi --includedir=/opt/ost-distro/1.0/sysroots/x86_64-pokysdk-linux/usr/include --oldincludedir=/opt/ost-distro/1.0/sysroots/x86_64-pokysdk-linux/usr/include --infodir=/opt/ost-distro/1.0/sysroots/x86_64-pokysdk-linux/usr/share/info --mandir=/opt/ost-distro/1.0/sysroots/x86_64-pokysdk-linux/usr/share/man --disable-silent-rules --disable-dependency-tracking --with-libtool-sysroot=/home/ubuntu/yocto/build/tmp/work/x86_64-nativesdk-pokysdk-linux/gcc-cross-canadian-arm/9.3.0-r0/recipe-sysroot --with-gnu-ld --enable-shared --enable-languages=c,c++,fortran --enable-threads=posix --enable-multilib --enable-default-pie --enable-c99 --enable-long-long --enable-symvers=gnu --enable-libstdcxx-pch --program-prefix=arm-poky-linux-gnueabi- --without-local-prefix --disable-install-libiberty --enable-lto --disable-libssp --enable-libitm --disable-bootstrap --disable-libmudflap --with-system-zlib --with-linker-hash-style=gnu --enable-linker-build-id --with-ppl=no --with-cloog=no --enable-checking=release --enable-cheaders=c_global --without-isl --with-gxx-include-dir=/not/exist/usr/include/c++/9.3.0 --with-build-time-tools=/home/ubuntu/yocto/build/tmp/work/x86_64-nativesdk-pokysdk-linux/gcc-cross-canadian-arm/9.3.0-r0/recipe-sysroot-native/usr/arm-poky-linux-gnueabi/bin --with-sysroot=/not/exist --with-build-sysroot=/home/ubuntu/yocto/build/tmp/work/x86_64-nativesdk-pokysdk-linux/gcc-cross-canadian-arm/9.3.0-r0/recipe-sysroot --enable-poison-system-directories --disable-static --enable-nls --with-glibc-version=2.28 --enable-initfini-array
Thread model: posix
gcc version 9.3.0 (GCC) 
COMPILER_PATH=/opt/ost-distro/1.0/sysroots/x86_64-pokysdk-linux/usr/libexec/arm-poky-linux-gnueabi/gcc/arm-poky-linux-gnueabi/9.3.0/:/opt/ost-distro/1.0/sysroots/x86_64-pokysdk-linux/usr/libexec/arm-poky-linux-gnueabi/gcc/arm-poky-linux-gnueabi/9.3.0/:/opt/ost-distro/1.0/sysroots/x86_64-pokysdk-linux/usr/libexec/arm-poky-linux-gnueabi/gcc/arm-poky-linux-gnueabi/:/opt/ost-distro/1.0/sysroots/x86_64-pokysdk-linux/usr/lib/arm-poky-linux-gnueabi/gcc/arm-poky-linux-gnueabi/9.3.0/:/opt/ost-distro/1.0/sysroots/x86_64-pokysdk-linux/usr/lib/arm-poky-linux-gnueabi/gcc/arm-poky-linux-gnueabi/
LIBRARY_PATH=/opt/ost-distro/1.0/sysroots/x86_64-pokysdk-linux/usr/lib/arm-poky-linux-gnueabi/gcc/arm-poky-linux-gnueabi/9.3.0/:/opt/ost-distro/1.0/sysroots/cortexa8hf-neon-poky-linux-gnueabi/lib/:/opt/ost-distro/1.0/sysroots/cortexa8hf-neon-poky-linux-gnueabi/usr/lib/arm-poky-linux-gnueabi/9.3.0/:/opt/ost-distro/1.0/sysroots/cortexa8hf-neon-poky-linux-gnueabi/usr/lib/
COLLECT_GCC_OPTIONS='--sysroot=/opt/ost-distro/1.0/sysroots/cortexa8hf-neon-poky-linux-gnueabi' '-mfpu=neon' '-mfloat-abi=hard' '-mcpu=cortex-a8' '-fstack-protector-strong' '-D' '_FORTIFY_SOURCE=2' '-Wformat=1' '-Wformat-security' '-Werror=format-security' '-O2' '-pipe' '-g' '-feliminate-unused-debug-types' '-fstack-protector-strong' '-v' '-o' 'cmTC_7c4eb' '-mtls-dialect=gnu' '-marm' '-march=armv7-a+sec+simd'
 /opt/ost-distro/1.0/sysroots/x86_64-pokysdk-linux/usr/libexec/arm-poky-linux-gnueabi/gcc/arm-poky-linux-gnueabi/9.3.0/collect2 -plugin /opt/ost-distro/1.0/sysroots/x86_64-pokysdk-linux/usr/libexec/arm-poky-linux-gnueabi/gcc/arm-poky-linux-gnueabi/9.3.0/liblto_plugin.so -plugin-opt=/opt/ost-distro/1.0/sysroots/x86_64-pokysdk-linux/usr/libexec/arm-poky-linux-gnueabi/gcc/arm-poky-linux-gnueabi/9.3.0/lto-wrapper -plugin-opt=-fresolution=/tmp/ccdbccJz.res -plugin-opt=-pass-through=-lgcc -plugin-opt=-pass-through=-lgcc_s -plugin-opt=-pass-through=-lc -plugin-opt=-pass-through=-lgcc -plugin-opt=-pass-through=-lgcc_s --sysroot=/opt/ost-distro/1.0/sysroots/cortexa8hf-neon-poky-linux-gnueabi --build-id --eh-frame-hdr --hash-style=gnu -dynamic-linker /lib/ld-linux-armhf.so.3 -X -m armelf_linux_eabi -pie -o cmTC_7c4eb /opt/ost-distro/1.0/sysroots/cortexa8hf-neon-poky-linux-gnueabi/usr/lib/Scrt1.o /opt/ost-distro/1.0/sysroots/cortexa8hf-neon-poky-linux-gnueabi/usr/lib/crti.o /opt/ost-distro/1.0/sysroots/cortexa8hf-neon-poky-linux-gnueabi/usr/lib/arm-poky-linux-gnueabi/9.3.0/crtbeginS.o -L/opt/ost-distro/1.0/sysroots/x86_64-pokysdk-linux/usr/lib/arm-poky-linux-gnueabi/gcc/arm-poky-linux-gnueabi/9.3.0 -L/opt/ost-distro/1.0/sysroots/cortexa8hf-neon-poky-linux-gnueabi/lib -L/opt/ost-distro/1.0/sysroots/cortexa8hf-neon-poky-linux-gnueabi/usr/lib/arm-poky-linux-gnueabi/9.3.0 -L/opt/ost-distro/1.0/sysroots/cortexa8hf-neon-poky-linux-gnueabi/usr/lib -O1 --hash-style=gnu --as-needed -z relro -z now CMakeFiles/cmTC_7c4eb.dir/CMakeCCompilerABI.c.o -lgcc --push-state --as-needed -lgcc_s --pop-state -lc -lgcc --push-state --as-needed -lgcc_s --pop-state /opt/ost-distro/1.0/sysroots/cortexa8hf-neon-poky-linux-gnueabi/usr/lib/arm-poky-linux-gnueabi/9.3.0/crtendS.o /opt/ost-distro/1.0/sysroots/cortexa8hf-neon-poky-linux-gnueabi/usr/lib/crtn.o
COLLECT_GCC_OPTIONS='--sysroot=/opt/ost-distro/1.0/sysroots/cortexa8hf-neon-poky-linux-gnueabi' '-mfpu=neon' '-mfloat-abi=hard' '-mcpu=cortex-a8' '-fstack-protector-strong' '-D' '_FORTIFY_SOURCE=2' '-Wformat=1' '-Wformat-security' '-Werror=format-security' '-O2' '-pipe' '-g' '-feliminate-unused-debug-types' '-fstack-protector-strong' '-v' '-o' 'cmTC_7c4eb' '-mtls-dialect=gnu' '-marm' '-march=armv7-a+sec+simd'



Parsed C implicit include dir info from above output: rv=done
  found start of include info
  found start of implicit include info
    add: [/opt/ost-distro/1.0/sysroots/x86_64-pokysdk-linux/usr/lib/arm-poky-linux-gnueabi/gcc/arm-poky-linux-gnueabi/9.3.0/include]
    add: [/opt/ost-distro/1.0/sysroots/x86_64-pokysdk-linux/usr/lib/arm-poky-linux-gnueabi/gcc/arm-poky-linux-gnueabi/9.3.0/include-fixed]
    add: [/opt/ost-distro/1.0/sysroots/cortexa8hf-neon-poky-linux-gnueabi/usr/include/]
  end of search list found
  collapse include dir [/opt/ost-distro/1.0/sysroots/x86_64-pokysdk-linux/usr/lib/arm-poky-linux-gnueabi/gcc/arm-poky-linux-gnueabi/9.3.0/include] ==> [/opt/ost-distro/1.0/sysroots/x86_64-pokysdk-linux/usr/lib/arm-poky-linux-gnueabi/gcc/arm-poky-linux-gnueabi/9.3.0/include]
  collapse include dir [/opt/ost-distro/1.0/sysroots/x86_64-pokysdk-linux/usr/lib/arm-poky-linux-gnueabi/gcc/arm-poky-linux-gnueabi/9.3.0/include-fixed] ==> [/opt/ost-distro/1.0/sysroots/x86_64-pokysdk-linux/usr/lib/arm-poky-linux-gnueabi/gcc/arm-poky-linux-gnueabi/9.3.0/include-fixed]
  collapse include dir [/opt/ost-distro/1.0/sysroots/cortexa8hf-neon-poky-linux-gnueabi/usr/include/] ==> [/opt/ost-distro/1.0/sysroots/cortexa8hf-neon-poky-linux-gnueabi/usr/include]
  implicit include dirs: [/opt/ost-distro/1.0/sysroots/x86_64-pokysdk-linux/usr/lib/arm-poky-linux-gnueabi/gcc/arm-poky-linux-gnueabi/9.3.0/include;/opt/ost-distro/1.0/sysroots/x86_64-pokysdk-linux/usr/lib/arm-poky-linux-gnueabi/gcc/arm-poky-linux-gnueabi/9.3.0/include-fixed;/opt/ost-distro/1.0/sysroots/cortexa8hf-neon-poky-linux-gnueabi/usr/include]


Parsed C implicit link information from above output:
  link line regex: [^( *|.*[/\])(arm-poky-linux-gnueabi-ld|CMAKE_LINK_STARTFILE-NOTFOUND|([^/\]+-)?ld|collect2)[^/\]*( |$)]
  ignore line: [Change Dir: /home/jf/eeros-basic-template/build/CMakeFiles/CMakeTmp]
  ignore line: []
  ignore line: [Run Build Command(s):/opt/ost-distro/1.0/sysroots/x86_64-pokysdk-linux/usr/bin/ninja cmTC_7c4eb && [1/2] Building C object CMakeFiles/cmTC_7c4eb.dir/CMakeCCompilerABI.c.o]
  ignore line: [Using built-in specs.]
  ignore line: [COLLECT_GCC=/opt/ost-distro/1.0/sysroots/x86_64-pokysdk-linux/usr/bin/arm-poky-linux-gnueabi/arm-poky-linux-gnueabi-gcc]
  ignore line: [Target: arm-poky-linux-gnueabi]
  ignore line: [Configured with: ../../../../../../work-shared/gcc-9.3.0-r0/gcc-9.3.0/configure --build=x86_64-linux --host=x86_64-pokysdk-linux --target=arm-poky-linux-gnueabi --prefix=/opt/ost-distro/1.0/sysroots/x86_64-pokysdk-linux/usr --exec_prefix=/opt/ost-distro/1.0/sysroots/x86_64-pokysdk-linux/usr --bindir=/opt/ost-distro/1.0/sysroots/x86_64-pokysdk-linux/usr/bin/arm-poky-linux-gnueabi --sbindir=/opt/ost-distro/1.0/sysroots/x86_64-pokysdk-linux/usr/bin/arm-poky-linux-gnueabi --libexecdir=/opt/ost-distro/1.0/sysroots/x86_64-pokysdk-linux/usr/libexec/arm-poky-linux-gnueabi --datadir=/opt/ost-distro/1.0/sysroots/x86_64-pokysdk-linux/usr/share --sysconfdir=/opt/ost-distro/1.0/sysroots/x86_64-pokysdk-linux/etc --sharedstatedir=/opt/ost-distro/1.0/sysroots/x86_64-pokysdk-linux/com --localstatedir=/opt/ost-distro/1.0/sysroots/x86_64-pokysdk-linux/var --libdir=/opt/ost-distro/1.0/sysroots/x86_64-pokysdk-linux/usr/lib/arm-poky-linux-gnueabi --includedir=/opt/ost-distro/1.0/sysroots/x86_64-pokysdk-linux/usr/include --oldincludedir=/opt/ost-distro/1.0/sysroots/x86_64-pokysdk-linux/usr/include --infodir=/opt/ost-distro/1.0/sysroots/x86_64-pokysdk-linux/usr/share/info --mandir=/opt/ost-distro/1.0/sysroots/x86_64-pokysdk-linux/usr/share/man --disable-silent-rules --disable-dependency-tracking --with-libtool-sysroot=/home/ubuntu/yocto/build/tmp/work/x86_64-nativesdk-pokysdk-linux/gcc-cross-canadian-arm/9.3.0-r0/recipe-sysroot --with-gnu-ld --enable-shared --enable-languages=c,c++,fortran --enable-threads=posix --enable-multilib --enable-default-pie --enable-c99 --enable-long-long --enable-symvers=gnu --enable-libstdcxx-pch --program-prefix=arm-poky-linux-gnueabi- --without-local-prefix --disable-install-libiberty --enable-lto --disable-libssp --enable-libitm --disable-bootstrap --disable-libmudflap --with-system-zlib --with-linker-hash-style=gnu --enable-linker-build-id --with-ppl=no --with-cloog=no --enable-checking=release --enable-cheaders=c_global --without-isl --with-gxx-include-dir=/not/exist/usr/include/c++/9.3.0 --with-build-time-tools=/home/ubuntu/yocto/build/tmp/work/x86_64-nativesdk-pokysdk-linux/gcc-cross-canadian-arm/9.3.0-r0/recipe-sysroot-native/usr/arm-poky-linux-gnueabi/bin --with-sysroot=/not/exist --with-build-sysroot=/home/ubuntu/yocto/build/tmp/work/x86_64-nativesdk-pokysdk-linux/gcc-cross-canadian-arm/9.3.0-r0/recipe-sysroot --enable-poison-system-directories --disable-static --enable-nls --with-glibc-version=2.28 --enable-initfini-array]
  ignore line: [Thread model: posix]
  ignore line: [gcc version 9.3.0 (GCC) ]
  ignore line: [COLLECT_GCC_OPTIONS='--sysroot=/opt/ost-distro/1.0/sysroots/cortexa8hf-neon-poky-linux-gnueabi' '-mfpu=neon' '-mfloat-abi=hard' '-mcpu=cortex-a8' '-fstack-protector-strong' '-D' '_FORTIFY_SOURCE=2' '-Wformat=1' '-Wformat-security' '-Werror=format-security' '-O2' '-pipe' '-g' '-feliminate-unused-debug-types' '-v' '-o' 'CMakeFiles/cmTC_7c4eb.dir/CMakeCCompilerABI.c.o' '-c' '-mtls-dialect=gnu' '-marm' '-march=armv7-a+sec+simd']
  ignore line: [ /opt/ost-distro/1.0/sysroots/x86_64-pokysdk-linux/usr/libexec/arm-poky-linux-gnueabi/gcc/arm-poky-linux-gnueabi/9.3.0/cc1 -quiet -v -isysroot /opt/ost-distro/1.0/sysroots/cortexa8hf-neon-poky-linux-gnueabi -D _FORTIFY_SOURCE=2 /opt/ost-distro/1.0/sysroots/x86_64-pokysdk-linux/usr/share/cmake-3.16/Modules/CMakeCCompilerABI.c -quiet -dumpbase CMakeCCompilerABI.c -mfpu=neon -mfloat-abi=hard -mcpu=cortex-a8 -mtls-dialect=gnu -marm -march=armv7-a+sec+simd -auxbase-strip CMakeFiles/cmTC_7c4eb.dir/CMakeCCompilerABI.c.o -g -O2 -Wformat=1 -Wformat-security -Werror=format-security -version -fstack-protector-strong -feliminate-unused-debug-types -o - |]
  ignore line: [ /opt/ost-distro/1.0/sysroots/x86_64-pokysdk-linux/usr/libexec/arm-poky-linux-gnueabi/gcc/arm-poky-linux-gnueabi/9.3.0/as -v -march=armv7-a+sec -mfloat-abi=hard -mfpu=neon -meabi=5 -o CMakeFiles/cmTC_7c4eb.dir/CMakeCCompilerABI.c.o]
  ignore line: [GNU assembler version 2.34.0 (arm-poky-linux-gnueabi) using BFD version (GNU Binutils) 2.34.0.20200220]
  ignore line: [GNU C17 (GCC) version 9.3.0 (arm-poky-linux-gnueabi)]
  ignore line: [	compiled by GNU C version 9.3.0  GMP version 6.2.0  MPFR version 4.0.2  MPC version 1.1.0  isl version none]
  ignore line: [GGC heuristics: --param ggc-min-expand=100 --param ggc-min-heapsize=131072]
  ignore line: [ignoring nonexistent directory "/opt/ost-distro/1.0/sysroots/cortexa8hf-neon-poky-linux-gnueabi/usr/lib/arm-poky-linux-gnueabi/9.3.0/include"]
  ignore line: [ignoring nonexistent directory "/opt/ost-distro/1.0/sysroots/cortexa8hf-neon-poky-linux-gnueabi/usr/local/include"]
  ignore line: [ignoring nonexistent directory "/opt/ost-distro/1.0/sysroots/x86_64-pokysdk-linux/usr/lib/arm-poky-linux-gnueabi/gcc/arm-poky-linux-gnueabi/9.3.0/../../../../../arm-poky-linux-gnueabi/include"]
  ignore line: [#include "..." search starts here:]
  ignore line: [#include <...> search starts here:]
  ignore line: [ /opt/ost-distro/1.0/sysroots/x86_64-pokysdk-linux/usr/lib/arm-poky-linux-gnueabi/gcc/arm-poky-linux-gnueabi/9.3.0/include]
  ignore line: [ /opt/ost-distro/1.0/sysroots/x86_64-pokysdk-linux/usr/lib/arm-poky-linux-gnueabi/gcc/arm-poky-linux-gnueabi/9.3.0/include-fixed]
  ignore line: [ /opt/ost-distro/1.0/sysroots/cortexa8hf-neon-poky-linux-gnueabi/usr/include/]
  ignore line: [End of search list.]
  ignore line: [GNU C17 (GCC) version 9.3.0 (arm-poky-linux-gnueabi)]
  ignore line: [	compiled by GNU C version 9.3.0  GMP version 6.2.0  MPFR version 4.0.2  MPC version 1.1.0  isl version none]
  ignore line: [GGC heuristics: --param ggc-min-expand=100 --param ggc-min-heapsize=131072]
  ignore line: [Compiler executable checksum: ab4952858a11c3970a2c3c5837437481]
  ignore line: [COMPILER_PATH=/opt/ost-distro/1.0/sysroots/x86_64-pokysdk-linux/usr/libexec/arm-poky-linux-gnueabi/gcc/arm-poky-linux-gnueabi/9.3.0/:/opt/ost-distro/1.0/sysroots/x86_64-pokysdk-linux/usr/libexec/arm-poky-linux-gnueabi/gcc/arm-poky-linux-gnueabi/9.3.0/:/opt/ost-distro/1.0/sysroots/x86_64-pokysdk-linux/usr/libexec/arm-poky-linux-gnueabi/gcc/arm-poky-linux-gnueabi/:/opt/ost-distro/1.0/sysroots/x86_64-pokysdk-linux/usr/lib/arm-poky-linux-gnueabi/gcc/arm-poky-linux-gnueabi/9.3.0/:/opt/ost-distro/1.0/sysroots/x86_64-pokysdk-linux/usr/lib/arm-poky-linux-gnueabi/gcc/arm-poky-linux-gnueabi/]
  ignore line: [LIBRARY_PATH=/opt/ost-distro/1.0/sysroots/x86_64-pokysdk-linux/usr/lib/arm-poky-linux-gnueabi/gcc/arm-poky-linux-gnueabi/9.3.0/:/opt/ost-distro/1.0/sysroots/cortexa8hf-neon-poky-linux-gnueabi/lib/:/opt/ost-distro/1.0/sysroots/cortexa8hf-neon-poky-linux-gnueabi/usr/lib/arm-poky-linux-gnueabi/9.3.0/:/opt/ost-distro/1.0/sysroots/cortexa8hf-neon-poky-linux-gnueabi/usr/lib/]
  ignore line: [COLLECT_GCC_OPTIONS='--sysroot=/opt/ost-distro/1.0/sysroots/cortexa8hf-neon-poky-linux-gnueabi' '-mfpu=neon' '-mfloat-abi=hard' '-mcpu=cortex-a8' '-fstack-protector-strong' '-D' '_FORTIFY_SOURCE=2' '-Wformat=1' '-Wformat-security' '-Werror=format-security' '-O2' '-pipe' '-g' '-feliminate-unused-debug-types' '-v' '-o' 'CMakeFiles/cmTC_7c4eb.dir/CMakeCCompilerABI.c.o' '-c' '-mtls-dialect=gnu' '-marm' '-march=armv7-a+sec+simd']
  ignore line: [[2/2] Linking C executable cmTC_7c4eb]
  ignore line: [Using built-in specs.]
  ignore line: [COLLECT_GCC=/opt/ost-distro/1.0/sysroots/x86_64-pokysdk-linux/usr/bin/arm-poky-linux-gnueabi/arm-poky-linux-gnueabi-gcc]
  ignore line: [COLLECT_LTO_WRAPPER=/opt/ost-distro/1.0/sysroots/x86_64-pokysdk-linux/usr/libexec/arm-poky-linux-gnueabi/gcc/arm-poky-linux-gnueabi/9.3.0/lto-wrapper]
  ignore line: [Target: arm-poky-linux-gnueabi]
  ignore line: [Configured with: ../../../../../../work-shared/gcc-9.3.0-r0/gcc-9.3.0/configure --build=x86_64-linux --host=x86_64-pokysdk-linux --target=arm-poky-linux-gnueabi --prefix=/opt/ost-distro/1.0/sysroots/x86_64-pokysdk-linux/usr --exec_prefix=/opt/ost-distro/1.0/sysroots/x86_64-pokysdk-linux/usr --bindir=/opt/ost-distro/1.0/sysroots/x86_64-pokysdk-linux/usr/bin/arm-poky-linux-gnueabi --sbindir=/opt/ost-distro/1.0/sysroots/x86_64-pokysdk-linux/usr/bin/arm-poky-linux-gnueabi --libexecdir=/opt/ost-distro/1.0/sysroots/x86_64-pokysdk-linux/usr/libexec/arm-poky-linux-gnueabi --datadir=/opt/ost-distro/1.0/sysroots/x86_64-pokysdk-linux/usr/share --sysconfdir=/opt/ost-distro/1.0/sysroots/x86_64-pokysdk-linux/etc --sharedstatedir=/opt/ost-distro/1.0/sysroots/x86_64-pokysdk-linux/com --localstatedir=/opt/ost-distro/1.0/sysroots/x86_64-pokysdk-linux/var --libdir=/opt/ost-distro/1.0/sysroots/x86_64-pokysdk-linux/usr/lib/arm-poky-linux-gnueabi --includedir=/opt/ost-distro/1.0/sysroots/x86_64-pokysdk-linux/usr/include --oldincludedir=/opt/ost-distro/1.0/sysroots/x86_64-pokysdk-linux/usr/include --infodir=/opt/ost-distro/1.0/sysroots/x86_64-pokysdk-linux/usr/share/info --mandir=/opt/ost-distro/1.0/sysroots/x86_64-pokysdk-linux/usr/share/man --disable-silent-rules --disable-dependency-tracking --with-libtool-sysroot=/home/ubuntu/yocto/build/tmp/work/x86_64-nativesdk-pokysdk-linux/gcc-cross-canadian-arm/9.3.0-r0/recipe-sysroot --with-gnu-ld --enable-shared --enable-languages=c,c++,fortran --enable-threads=posix --enable-multilib --enable-default-pie --enable-c99 --enable-long-long --enable-symvers=gnu --enable-libstdcxx-pch --program-prefix=arm-poky-linux-gnueabi- --without-local-prefix --disable-install-libiberty --enable-lto --disable-libssp --enable-libitm --disable-bootstrap --disable-libmudflap --with-system-zlib --with-linker-hash-style=gnu --enable-linker-build-id --with-ppl=no --with-cloog=no --enable-checking=release --enable-cheaders=c_global --without-isl --with-gxx-include-dir=/not/exist/usr/include/c++/9.3.0 --with-build-time-tools=/home/ubuntu/yocto/build/tmp/work/x86_64-nativesdk-pokysdk-linux/gcc-cross-canadian-arm/9.3.0-r0/recipe-sysroot-native/usr/arm-poky-linux-gnueabi/bin --with-sysroot=/not/exist --with-build-sysroot=/home/ubuntu/yocto/build/tmp/work/x86_64-nativesdk-pokysdk-linux/gcc-cross-canadian-arm/9.3.0-r0/recipe-sysroot --enable-poison-system-directories --disable-static --enable-nls --with-glibc-version=2.28 --enable-initfini-array]
  ignore line: [Thread model: posix]
  ignore line: [gcc version 9.3.0 (GCC) ]
  ignore line: [COMPILER_PATH=/opt/ost-distro/1.0/sysroots/x86_64-pokysdk-linux/usr/libexec/arm-poky-linux-gnueabi/gcc/arm-poky-linux-gnueabi/9.3.0/:/opt/ost-distro/1.0/sysroots/x86_64-pokysdk-linux/usr/libexec/arm-poky-linux-gnueabi/gcc/arm-poky-linux-gnueabi/9.3.0/:/opt/ost-distro/1.0/sysroots/x86_64-pokysdk-linux/usr/libexec/arm-poky-linux-gnueabi/gcc/arm-poky-linux-gnueabi/:/opt/ost-distro/1.0/sysroots/x86_64-pokysdk-linux/usr/lib/arm-poky-linux-gnueabi/gcc/arm-poky-linux-gnueabi/9.3.0/:/opt/ost-distro/1.0/sysroots/x86_64-pokysdk-linux/usr/lib/arm-poky-linux-gnueabi/gcc/arm-poky-linux-gnueabi/]
  ignore line: [LIBRARY_PATH=/opt/ost-distro/1.0/sysroots/x86_64-pokysdk-linux/usr/lib/arm-poky-linux-gnueabi/gcc/arm-poky-linux-gnueabi/9.3.0/:/opt/ost-distro/1.0/sysroots/cortexa8hf-neon-poky-linux-gnueabi/lib/:/opt/ost-distro/1.0/sysroots/cortexa8hf-neon-poky-linux-gnueabi/usr/lib/arm-poky-linux-gnueabi/9.3.0/:/opt/ost-distro/1.0/sysroots/cortexa8hf-neon-poky-linux-gnueabi/usr/lib/]
  ignore line: [COLLECT_GCC_OPTIONS='--sysroot=/opt/ost-distro/1.0/sysroots/cortexa8hf-neon-poky-linux-gnueabi' '-mfpu=neon' '-mfloat-abi=hard' '-mcpu=cortex-a8' '-fstack-protector-strong' '-D' '_FORTIFY_SOURCE=2' '-Wformat=1' '-Wformat-security' '-Werror=format-security' '-O2' '-pipe' '-g' '-feliminate-unused-debug-types' '-fstack-protector-strong' '-v' '-o' 'cmTC_7c4eb' '-mtls-dialect=gnu' '-marm' '-march=armv7-a+sec+simd']
  link line: [ /opt/ost-distro/1.0/sysroots/x86_64-pokysdk-linux/usr/libexec/arm-poky-linux-gnueabi/gcc/arm-poky-linux-gnueabi/9.3.0/collect2 -plugin /opt/ost-distro/1.0/sysroots/x86_64-pokysdk-linux/usr/libexec/arm-poky-linux-gnueabi/gcc/arm-poky-linux-gnueabi/9.3.0/liblto_plugin.so -plugin-opt=/opt/ost-distro/1.0/sysroots/x86_64-pokysdk-linux/usr/libexec/arm-poky-linux-gnueabi/gcc/arm-poky-linux-gnueabi/9.3.0/lto-wrapper -plugin-opt=-fresolution=/tmp/ccdbccJz.res -plugin-opt=-pass-through=-lgcc -plugin-opt=-pass-through=-lgcc_s -plugin-opt=-pass-through=-lc -plugin-opt=-pass-through=-lgcc -plugin-opt=-pass-through=-lgcc_s --sysroot=/opt/ost-distro/1.0/sysroots/cortexa8hf-neon-poky-linux-gnueabi --build-id --eh-frame-hdr --hash-style=gnu -dynamic-linker /lib/ld-linux-armhf.so.3 -X -m armelf_linux_eabi -pie -o cmTC_7c4eb /opt/ost-distro/1.0/sysroots/cortexa8hf-neon-poky-linux-gnueabi/usr/lib/Scrt1.o /opt/ost-distro/1.0/sysroots/cortexa8hf-neon-poky-linux-gnueabi/usr/lib/crti.o /opt/ost-distro/1.0/sysroots/cortexa8hf-neon-poky-linux-gnueabi/usr/lib/arm-poky-linux-gnueabi/9.3.0/crtbeginS.o -L/opt/ost-distro/1.0/sysroots/x86_64-pokysdk-linux/usr/lib/arm-poky-linux-gnueabi/gcc/arm-poky-linux-gnueabi/9.3.0 -L/opt/ost-distro/1.0/sysroots/cortexa8hf-neon-poky-linux-gnueabi/lib -L/opt/ost-distro/1.0/sysroots/cortexa8hf-neon-poky-linux-gnueabi/usr/lib/arm-poky-linux-gnueabi/9.3.0 -L/opt/ost-distro/1.0/sysroots/cortexa8hf-neon-poky-linux-gnueabi/usr/lib -O1 --hash-style=gnu --as-needed -z relro -z now CMakeFiles/cmTC_7c4eb.dir/CMakeCCompilerABI.c.o -lgcc --push-state --as-needed -lgcc_s --pop-state -lc -lgcc --push-state --as-needed -lgcc_s --pop-state /opt/ost-distro/1.0/sysroots/cortexa8hf-neon-poky-linux-gnueabi/usr/lib/arm-poky-linux-gnueabi/9.3.0/crtendS.o /opt/ost-distro/1.0/sysroots/cortexa8hf-neon-poky-linux-gnueabi/usr/lib/crtn.o]
    arg [/opt/ost-distro/1.0/sysroots/x86_64-pokysdk-linux/usr/libexec/arm-poky-linux-gnueabi/gcc/arm-poky-linux-gnueabi/9.3.0/collect2] ==> ignore
    arg [-plugin] ==> ignore
    arg [/opt/ost-distro/1.0/sysroots/x86_64-pokysdk-linux/usr/libexec/arm-poky-linux-gnueabi/gcc/arm-poky-linux-gnueabi/9.3.0/liblto_plugin.so] ==> ignore
    arg [-plugin-opt=/opt/ost-distro/1.0/sysroots/x86_64-pokysdk-linux/usr/libexec/arm-poky-linux-gnueabi/gcc/arm-poky-linux-gnueabi/9.3.0/lto-wrapper] ==> ignore
    arg [-plugin-opt=-fresolution=/tmp/ccdbccJz.res] ==> ignore
    arg [-plugin-opt=-pass-through=-lgcc] ==> ignore
    arg [-plugin-opt=-pass-through=-lgcc_s] ==> ignore
    arg [-plugin-opt=-pass-through=-lc] ==> ignore
    arg [-plugin-opt=-pass-through=-lgcc] ==> ignore
    arg [-plugin-opt=-pass-through=-lgcc_s] ==> ignore
    arg [--sysroot=/opt/ost-distro/1.0/sysroots/cortexa8hf-neon-poky-linux-gnueabi] ==> ignore
    arg [--build-id] ==> ignore
    arg [--eh-frame-hdr] ==> ignore
    arg [--hash-style=gnu] ==> ignore
    arg [-dynamic-linker] ==> ignore
    arg [/lib/ld-linux-armhf.so.3] ==> ignore
    arg [-X] ==> ignore
    arg [-m] ==> ignore
    arg [armelf_linux_eabi] ==> ignore
    arg [-pie] ==> ignore
    arg [-o] ==> ignore
    arg [cmTC_7c4eb] ==> ignore
    arg [/opt/ost-distro/1.0/sysroots/cortexa8hf-neon-poky-linux-gnueabi/usr/lib/Scrt1.o] ==> ignore
    arg [/opt/ost-distro/1.0/sysroots/cortexa8hf-neon-poky-linux-gnueabi/usr/lib/crti.o] ==> ignore
    arg [/opt/ost-distro/1.0/sysroots/cortexa8hf-neon-poky-linux-gnueabi/usr/lib/arm-poky-linux-gnueabi/9.3.0/crtbeginS.o] ==> ignore
    arg [-L/opt/ost-distro/1.0/sysroots/x86_64-pokysdk-linux/usr/lib/arm-poky-linux-gnueabi/gcc/arm-poky-linux-gnueabi/9.3.0] ==> dir [/opt/ost-distro/1.0/sysroots/x86_64-pokysdk-linux/usr/lib/arm-poky-linux-gnueabi/gcc/arm-poky-linux-gnueabi/9.3.0]
    arg [-L/opt/ost-distro/1.0/sysroots/cortexa8hf-neon-poky-linux-gnueabi/lib] ==> dir [/opt/ost-distro/1.0/sysroots/cortexa8hf-neon-poky-linux-gnueabi/lib]
    arg [-L/opt/ost-distro/1.0/sysroots/cortexa8hf-neon-poky-linux-gnueabi/usr/lib/arm-poky-linux-gnueabi/9.3.0] ==> dir [/opt/ost-distro/1.0/sysroots/cortexa8hf-neon-poky-linux-gnueabi/usr/lib/arm-poky-linux-gnueabi/9.3.0]
    arg [-L/opt/ost-distro/1.0/sysroots/cortexa8hf-neon-poky-linux-gnueabi/usr/lib] ==> dir [/opt/ost-distro/1.0/sysroots/cortexa8hf-neon-poky-linux-gnueabi/usr/lib]
    arg [-O1] ==> ignore
    arg [--hash-style=gnu] ==> ignore
    arg [--as-needed] ==> ignore
    arg [-zrelro] ==> ignore
    arg [-znow] ==> ignore
    arg [CMakeFiles/cmTC_7c4eb.dir/CMakeCCompilerABI.c.o] ==> ignore
    arg [-lgcc] ==> lib [gcc]
    arg [--push-state] ==> ignore
    arg [--as-needed] ==> ignore
    arg [-lgcc_s] ==> lib [gcc_s]
    arg [--pop-state] ==> ignore
    arg [-lc] ==> lib [c]
    arg [-lgcc] ==> lib [gcc]
    arg [--push-state] ==> ignore
    arg [--as-needed] ==> ignore
    arg [-lgcc_s] ==> lib [gcc_s]
    arg [--pop-state] ==> ignore
    arg [/opt/ost-distro/1.0/sysroots/cortexa8hf-neon-poky-linux-gnueabi/usr/lib/arm-poky-linux-gnueabi/9.3.0/crtendS.o] ==> ignore
    arg [/opt/ost-distro/1.0/sysroots/cortexa8hf-neon-poky-linux-gnueabi/usr/lib/crtn.o] ==> ignore
  collapse library dir [/opt/ost-distro/1.0/sysroots/x86_64-pokysdk-linux/usr/lib/arm-poky-linux-gnueabi/gcc/arm-poky-linux-gnueabi/9.3.0] ==> [/opt/ost-distro/1.0/sysroots/x86_64-pokysdk-linux/usr/lib/arm-poky-linux-gnueabi/gcc/arm-poky-linux-gnueabi/9.3.0]
  collapse library dir [/opt/ost-distro/1.0/sysroots/cortexa8hf-neon-poky-linux-gnueabi/lib] ==> [/opt/ost-distro/1.0/sysroots/cortexa8hf-neon-poky-linux-gnueabi/lib]
  collapse library dir [/opt/ost-distro/1.0/sysroots/cortexa8hf-neon-poky-linux-gnueabi/usr/lib/arm-poky-linux-gnueabi/9.3.0] ==> [/opt/ost-distro/1.0/sysroots/cortexa8hf-neon-poky-linux-gnueabi/usr/lib/arm-poky-linux-gnueabi/9.3.0]
  collapse library dir [/opt/ost-distro/1.0/sysroots/cortexa8hf-neon-poky-linux-gnueabi/usr/lib] ==> [/opt/ost-distro/1.0/sysroots/cortexa8hf-neon-poky-linux-gnueabi/usr/lib]
  implicit libs: [gcc;gcc_s;c;gcc;gcc_s]
  implicit dirs: [/opt/ost-distro/1.0/sysroots/x86_64-pokysdk-linux/usr/lib/arm-poky-linux-gnueabi/gcc/arm-poky-linux-gnueabi/9.3.0;/opt/ost-distro/1.0/sysroots/cortexa8hf-neon-poky-linux-gnueabi/lib;/opt/ost-distro/1.0/sysroots/cortexa8hf-neon-poky-linux-gnueabi/usr/lib/arm-poky-linux-gnueabi/9.3.0;/opt/ost-distro/1.0/sysroots/cortexa8hf-neon-poky-linux-gnueabi/usr/lib]
  implicit fwks: []


Determining if the CXX compiler works passed with the following output:
Change Dir: /home/jf/eeros-basic-template/build/CMakeFiles/CMakeTmp

Run Build Command(s):/opt/ost-distro/1.0/sysroots/x86_64-pokysdk-linux/usr/bin/ninja cmTC_b61af && [1/2] Building CXX object CMakeFiles/cmTC_b61af.dir/testCXXCompiler.cxx.o
[2/2] Linking CXX executable cmTC_b61af



Detecting CXX compiler ABI info compiled with the following output:
Change Dir: /home/jf/eeros-basic-template/build/CMakeFiles/CMakeTmp

Run Build Command(s):/opt/ost-distro/1.0/sysroots/x86_64-pokysdk-linux/usr/bin/ninja cmTC_b625a && [1/2] Building CXX object CMakeFiles/cmTC_b625a.dir/CMakeCXXCompilerABI.cpp.o
Using built-in specs.
COLLECT_GCC=/opt/ost-distro/1.0/sysroots/x86_64-pokysdk-linux/usr/bin/arm-poky-linux-gnueabi/arm-poky-linux-gnueabi-g++
Target: arm-poky-linux-gnueabi
Configured with: ../../../../../../work-shared/gcc-9.3.0-r0/gcc-9.3.0/configure --build=x86_64-linux --host=x86_64-pokysdk-linux --target=arm-poky-linux-gnueabi --prefix=/opt/ost-distro/1.0/sysroots/x86_64-pokysdk-linux/usr --exec_prefix=/opt/ost-distro/1.0/sysroots/x86_64-pokysdk-linux/usr --bindir=/opt/ost-distro/1.0/sysroots/x86_64-pokysdk-linux/usr/bin/arm-poky-linux-gnueabi --sbindir=/opt/ost-distro/1.0/sysroots/x86_64-pokysdk-linux/usr/bin/arm-poky-linux-gnueabi --libexecdir=/opt/ost-distro/1.0/sysroots/x86_64-pokysdk-linux/usr/libexec/arm-poky-linux-gnueabi --datadir=/opt/ost-distro/1.0/sysroots/x86_64-pokysdk-linux/usr/share --sysconfdir=/opt/ost-distro/1.0/sysroots/x86_64-pokysdk-linux/etc --sharedstatedir=/opt/ost-distro/1.0/sysroots/x86_64-pokysdk-linux/com --localstatedir=/opt/ost-distro/1.0/sysroots/x86_64-pokysdk-linux/var --libdir=/opt/ost-distro/1.0/sysroots/x86_64-pokysdk-linux/usr/lib/arm-poky-linux-gnueabi --includedir=/opt/ost-distro/1.0/sysroots/x86_64-pokysdk-linux/usr/include --oldincludedir=/opt/ost-distro/1.0/sysroots/x86_64-pokysdk-linux/usr/include --infodir=/opt/ost-distro/1.0/sysroots/x86_64-pokysdk-linux/usr/share/info --mandir=/opt/ost-distro/1.0/sysroots/x86_64-pokysdk-linux/usr/share/man --disable-silent-rules --disable-dependency-tracking --with-libtool-sysroot=/home/ubuntu/yocto/build/tmp/work/x86_64-nativesdk-pokysdk-linux/gcc-cross-canadian-arm/9.3.0-r0/recipe-sysroot --with-gnu-ld --enable-shared --enable-languages=c,c++,fortran --enable-threads=posix --enable-multilib --enable-default-pie --enable-c99 --enable-long-long --enable-symvers=gnu --enable-libstdcxx-pch --program-prefix=arm-poky-linux-gnueabi- --without-local-prefix --disable-install-libiberty --enable-lto --disable-libssp --enable-libitm --disable-bootstrap --disable-libmudflap --with-system-zlib --with-linker-hash-style=gnu --enable-linker-build-id --with-ppl=no --with-cloog=no --enable-checking=release --enable-cheaders=c_global --without-isl --with-gxx-include-dir=/not/exist/usr/include/c++/9.3.0 --with-build-time-tools=/home/ubuntu/yocto/build/tmp/work/x86_64-nativesdk-pokysdk-linux/gcc-cross-canadian-arm/9.3.0-r0/recipe-sysroot-native/usr/arm-poky-linux-gnueabi/bin --with-sysroot=/not/exist --with-build-sysroot=/home/ubuntu/yocto/build/tmp/work/x86_64-nativesdk-pokysdk-linux/gcc-cross-canadian-arm/9.3.0-r0/recipe-sysroot --enable-poison-system-directories --disable-static --enable-nls --with-glibc-version=2.28 --enable-initfini-array
Thread model: posix
gcc version 9.3.0 (GCC) 
COLLECT_GCC_OPTIONS='--sysroot=/opt/ost-distro/1.0/sysroots/cortexa8hf-neon-poky-linux-gnueabi' '-mfpu=neon' '-mfloat-abi=hard' '-mcpu=cortex-a8' '-fstack-protector-strong' '-D' '_FORTIFY_SOURCE=2' '-Wformat=1' '-Wformat-security' '-Werror=format-security' '-O2' '-pipe' '-g' '-feliminate-unused-debug-types' '-v' '-o' 'CMakeFiles/cmTC_b625a.dir/CMakeCXXCompilerABI.cpp.o' '-c' '-shared-libgcc' '-mtls-dialect=gnu' '-marm' '-march=armv7-a+sec+simd'
 /opt/ost-distro/1.0/sysroots/x86_64-pokysdk-linux/usr/libexec/arm-poky-linux-gnueabi/gcc/arm-poky-linux-gnueabi/9.3.0/cc1plus -quiet -v -isysroot /opt/ost-distro/1.0/sysroots/cortexa8hf-neon-poky-linux-gnueabi -D_GNU_SOURCE -D _FORTIFY_SOURCE=2 /opt/ost-distro/1.0/sysroots/x86_64-pokysdk-linux/usr/share/cmake-3.16/Modules/CMakeCXXCompilerABI.cpp -quiet -dumpbase CMakeCXXCompilerABI.cpp -mfpu=neon -mfloat-abi=hard -mcpu=cortex-a8 -mtls-dialect=gnu -marm -march=armv7-a+sec+simd -auxbase-strip CMakeFiles/cmTC_b625a.dir/CMakeCXXCompilerABI.cpp.o -g -O2 -Wformat=1 -Wformat-security -Werror=format-security -version -fstack-protector-strong -feliminate-unused-debug-types -o - |
 /opt/ost-distro/1.0/sysroots/x86_64-pokysdk-linux/usr/libexec/arm-poky-linux-gnueabi/gcc/arm-poky-linux-gnueabi/9.3.0/as -v -march=armv7-a+sec -mfloat-abi=hard -mfpu=neon -meabi=5 -o CMakeFiles/cmTC_b625a.dir/CMakeCXXCompilerABI.cpp.o
GNU assembler version 2.34.0 (arm-poky-linux-gnueabi) using BFD version (GNU Binutils) 2.34.0.20200220
GNU C++14 (GCC) version 9.3.0 (arm-poky-linux-gnueabi)
	compiled by GNU C version 9.3.0, GMP version 6.2.0, MPFR version 4.0.2, MPC version 1.1.0, isl version none
GGC heuristics: --param ggc-min-expand=100 --param ggc-min-heapsize=131072
ignoring nonexistent directory "/opt/ost-distro/1.0/sysroots/cortexa8hf-neon-poky-linux-gnueabi/usr/lib/arm-poky-linux-gnueabi/9.3.0/include"
ignoring nonexistent directory "/opt/ost-distro/1.0/sysroots/cortexa8hf-neon-poky-linux-gnueabi/usr/local/include"
ignoring nonexistent directory "/opt/ost-distro/1.0/sysroots/x86_64-pokysdk-linux/usr/lib/arm-poky-linux-gnueabi/gcc/arm-poky-linux-gnueabi/9.3.0/../../../../../arm-poky-linux-gnueabi/include"
#include "..." search starts here:
#include <...> search starts here:
 /opt/ost-distro/1.0/sysroots/cortexa8hf-neon-poky-linux-gnueabi/usr/include/c++/9.3.0
 /opt/ost-distro/1.0/sysroots/cortexa8hf-neon-poky-linux-gnueabi/usr/include/c++/9.3.0/arm-poky-linux-gnueabi
 /opt/ost-distro/1.0/sysroots/cortexa8hf-neon-poky-linux-gnueabi/usr/include/c++/9.3.0/backward
 /opt/ost-distro/1.0/sysroots/x86_64-pokysdk-linux/usr/lib/arm-poky-linux-gnueabi/gcc/arm-poky-linux-gnueabi/9.3.0/include
 /opt/ost-distro/1.0/sysroots/x86_64-pokysdk-linux/usr/lib/arm-poky-linux-gnueabi/gcc/arm-poky-linux-gnueabi/9.3.0/include-fixed
 /opt/ost-distro/1.0/sysroots/cortexa8hf-neon-poky-linux-gnueabi/usr/include/
End of search list.
GNU C++14 (GCC) version 9.3.0 (arm-poky-linux-gnueabi)
	compiled by GNU C version 9.3.0, GMP version 6.2.0, MPFR version 4.0.2, MPC version 1.1.0, isl version none
GGC heuristics: --param ggc-min-expand=100 --param ggc-min-heapsize=131072
Compiler executable checksum: 94dd0f82d6d73c872d16394695609b72
COMPILER_PATH=/opt/ost-distro/1.0/sysroots/x86_64-pokysdk-linux/usr/libexec/arm-poky-linux-gnueabi/gcc/arm-poky-linux-gnueabi/9.3.0/:/opt/ost-distro/1.0/sysroots/x86_64-pokysdk-linux/usr/libexec/arm-poky-linux-gnueabi/gcc/arm-poky-linux-gnueabi/9.3.0/:/opt/ost-distro/1.0/sysroots/x86_64-pokysdk-linux/usr/libexec/arm-poky-linux-gnueabi/gcc/arm-poky-linux-gnueabi/:/opt/ost-distro/1.0/sysroots/x86_64-pokysdk-linux/usr/lib/arm-poky-linux-gnueabi/gcc/arm-poky-linux-gnueabi/9.3.0/:/opt/ost-distro/1.0/sysroots/x86_64-pokysdk-linux/usr/lib/arm-poky-linux-gnueabi/gcc/arm-poky-linux-gnueabi/
LIBRARY_PATH=/opt/ost-distro/1.0/sysroots/x86_64-pokysdk-linux/usr/lib/arm-poky-linux-gnueabi/gcc/arm-poky-linux-gnueabi/9.3.0/:/opt/ost-distro/1.0/sysroots/cortexa8hf-neon-poky-linux-gnueabi/lib/:/opt/ost-distro/1.0/sysroots/cortexa8hf-neon-poky-linux-gnueabi/usr/lib/arm-poky-linux-gnueabi/9.3.0/:/opt/ost-distro/1.0/sysroots/cortexa8hf-neon-poky-linux-gnueabi/usr/lib/
COLLECT_GCC_OPTIONS='--sysroot=/opt/ost-distro/1.0/sysroots/cortexa8hf-neon-poky-linux-gnueabi' '-mfpu=neon' '-mfloat-abi=hard' '-mcpu=cortex-a8' '-fstack-protector-strong' '-D' '_FORTIFY_SOURCE=2' '-Wformat=1' '-Wformat-security' '-Werror=format-security' '-O2' '-pipe' '-g' '-feliminate-unused-debug-types' '-v' '-o' 'CMakeFiles/cmTC_b625a.dir/CMakeCXXCompilerABI.cpp.o' '-c' '-shared-libgcc' '-mtls-dialect=gnu' '-marm' '-march=armv7-a+sec+simd'
[2/2] Linking CXX executable cmTC_b625a
Using built-in specs.
COLLECT_GCC=/opt/ost-distro/1.0/sysroots/x86_64-pokysdk-linux/usr/bin/arm-poky-linux-gnueabi/arm-poky-linux-gnueabi-g++
COLLECT_LTO_WRAPPER=/opt/ost-distro/1.0/sysroots/x86_64-pokysdk-linux/usr/libexec/arm-poky-linux-gnueabi/gcc/arm-poky-linux-gnueabi/9.3.0/lto-wrapper
Target: arm-poky-linux-gnueabi
Configured with: ../../../../../../work-shared/gcc-9.3.0-r0/gcc-9.3.0/configure --build=x86_64-linux --host=x86_64-pokysdk-linux --target=arm-poky-linux-gnueabi --prefix=/opt/ost-distro/1.0/sysroots/x86_64-pokysdk-linux/usr --exec_prefix=/opt/ost-distro/1.0/sysroots/x86_64-pokysdk-linux/usr --bindir=/opt/ost-distro/1.0/sysroots/x86_64-pokysdk-linux/usr/bin/arm-poky-linux-gnueabi --sbindir=/opt/ost-distro/1.0/sysroots/x86_64-pokysdk-linux/usr/bin/arm-poky-linux-gnueabi --libexecdir=/opt/ost-distro/1.0/sysroots/x86_64-pokysdk-linux/usr/libexec/arm-poky-linux-gnueabi --datadir=/opt/ost-distro/1.0/sysroots/x86_64-pokysdk-linux/usr/share --sysconfdir=/opt/ost-distro/1.0/sysroots/x86_64-pokysdk-linux/etc --sharedstatedir=/opt/ost-distro/1.0/sysroots/x86_64-pokysdk-linux/com --localstatedir=/opt/ost-distro/1.0/sysroots/x86_64-pokysdk-linux/var --libdir=/opt/ost-distro/1.0/sysroots/x86_64-pokysdk-linux/usr/lib/arm-poky-linux-gnueabi --includedir=/opt/ost-distro/1.0/sysroots/x86_64-pokysdk-linux/usr/include --oldincludedir=/opt/ost-distro/1.0/sysroots/x86_64-pokysdk-linux/usr/include --infodir=/opt/ost-distro/1.0/sysroots/x86_64-pokysdk-linux/usr/share/info --mandir=/opt/ost-distro/1.0/sysroots/x86_64-pokysdk-linux/usr/share/man --disable-silent-rules --disable-dependency-tracking --with-libtool-sysroot=/home/ubuntu/yocto/build/tmp/work/x86_64-nativesdk-pokysdk-linux/gcc-cross-canadian-arm/9.3.0-r0/recipe-sysroot --with-gnu-ld --enable-shared --enable-languages=c,c++,fortran --enable-threads=posix --enable-multilib --enable-default-pie --enable-c99 --enable-long-long --enable-symvers=gnu --enable-libstdcxx-pch --program-prefix=arm-poky-linux-gnueabi- --without-local-prefix --disable-install-libiberty --enable-lto --disable-libssp --enable-libitm --disable-bootstrap --disable-libmudflap --with-system-zlib --with-linker-hash-style=gnu --enable-linker-build-id --with-ppl=no --with-cloog=no --enable-checking=release --enable-cheaders=c_global --without-isl --with-gxx-include-dir=/not/exist/usr/include/c++/9.3.0 --with-build-time-tools=/home/ubuntu/yocto/build/tmp/work/x86_64-nativesdk-pokysdk-linux/gcc-cross-canadian-arm/9.3.0-r0/recipe-sysroot-native/usr/arm-poky-linux-gnueabi/bin --with-sysroot=/not/exist --with-build-sysroot=/home/ubuntu/yocto/build/tmp/work/x86_64-nativesdk-pokysdk-linux/gcc-cross-canadian-arm/9.3.0-r0/recipe-sysroot --enable-poison-system-directories --disable-static --enable-nls --with-glibc-version=2.28 --enable-initfini-array
Thread model: posix
gcc version 9.3.0 (GCC) 
COMPILER_PATH=/opt/ost-distro/1.0/sysroots/x86_64-pokysdk-linux/usr/libexec/arm-poky-linux-gnueabi/gcc/arm-poky-linux-gnueabi/9.3.0/:/opt/ost-distro/1.0/sysroots/x86_64-pokysdk-linux/usr/libexec/arm-poky-linux-gnueabi/gcc/arm-poky-linux-gnueabi/9.3.0/:/opt/ost-distro/1.0/sysroots/x86_64-pokysdk-linux/usr/libexec/arm-poky-linux-gnueabi/gcc/arm-poky-linux-gnueabi/:/opt/ost-distro/1.0/sysroots/x86_64-pokysdk-linux/usr/lib/arm-poky-linux-gnueabi/gcc/arm-poky-linux-gnueabi/9.3.0/:/opt/ost-distro/1.0/sysroots/x86_64-pokysdk-linux/usr/lib/arm-poky-linux-gnueabi/gcc/arm-poky-linux-gnueabi/
LIBRARY_PATH=/opt/ost-distro/1.0/sysroots/x86_64-pokysdk-linux/usr/lib/arm-poky-linux-gnueabi/gcc/arm-poky-linux-gnueabi/9.3.0/:/opt/ost-distro/1.0/sysroots/cortexa8hf-neon-poky-linux-gnueabi/lib/:/opt/ost-distro/1.0/sysroots/cortexa8hf-neon-poky-linux-gnueabi/usr/lib/arm-poky-linux-gnueabi/9.3.0/:/opt/ost-distro/1.0/sysroots/cortexa8hf-neon-poky-linux-gnueabi/usr/lib/
COLLECT_GCC_OPTIONS='--sysroot=/opt/ost-distro/1.0/sysroots/cortexa8hf-neon-poky-linux-gnueabi' '-mfpu=neon' '-mfloat-abi=hard' '-mcpu=cortex-a8' '-fstack-protector-strong' '-D' '_FORTIFY_SOURCE=2' '-Wformat=1' '-Wformat-security' '-Werror=format-security' '-O2' '-pipe' '-g' '-feliminate-unused-debug-types' '-fstack-protector-strong' '-v' '-o' 'cmTC_b625a' '-shared-libgcc' '-mtls-dialect=gnu' '-marm' '-march=armv7-a+sec+simd'
 /opt/ost-distro/1.0/sysroots/x86_64-pokysdk-linux/usr/libexec/arm-poky-linux-gnueabi/gcc/arm-poky-linux-gnueabi/9.3.0/collect2 -plugin /opt/ost-distro/1.0/sysroots/x86_64-pokysdk-linux/usr/libexec/arm-poky-linux-gnueabi/gcc/arm-poky-linux-gnueabi/9.3.0/liblto_plugin.so -plugin-opt=/opt/ost-distro/1.0/sysroots/x86_64-pokysdk-linux/usr/libexec/arm-poky-linux-gnueabi/gcc/arm-poky-linux-gnueabi/9.3.0/lto-wrapper -plugin-opt=-fresolution=/tmp/ccN6EZp4.res -plugin-opt=-pass-through=-lgcc_s -plugin-opt=-pass-through=-lgcc -plugin-opt=-pass-through=-lc -plugin-opt=-pass-through=-lgcc_s -plugin-opt=-pass-through=-lgcc --sysroot=/opt/ost-distro/1.0/sysroots/cortexa8hf-neon-poky-linux-gnueabi --build-id --eh-frame-hdr --hash-style=gnu -dynamic-linker /lib/ld-linux-armhf.so.3 -X -m armelf_linux_eabi -pie -o cmTC_b625a /opt/ost-distro/1.0/sysroots/cortexa8hf-neon-poky-linux-gnueabi/usr/lib/Scrt1.o /opt/ost-distro/1.0/sysroots/cortexa8hf-neon-poky-linux-gnueabi/usr/lib/crti.o /opt/ost-distro/1.0/sysroots/cortexa8hf-neon-poky-linux-gnueabi/usr/lib/arm-poky-linux-gnueabi/9.3.0/crtbeginS.o -L/opt/ost-distro/1.0/sysroots/x86_64-pokysdk-linux/usr/lib/arm-poky-linux-gnueabi/gcc/arm-poky-linux-gnueabi/9.3.0 -L/opt/ost-distro/1.0/sysroots/cortexa8hf-neon-poky-linux-gnueabi/lib -L/opt/ost-distro/1.0/sysroots/cortexa8hf-neon-poky-linux-gnueabi/usr/lib/arm-poky-linux-gnueabi/9.3.0 -L/opt/ost-distro/1.0/sysroots/cortexa8hf-neon-poky-linux-gnueabi/usr/lib -O1 --hash-style=gnu --as-needed -z relro -z now CMakeFiles/cmTC_b625a.dir/CMakeCXXCompilerABI.cpp.o -lstdc++ -lm -lgcc_s -lgcc -lc -lgcc_s -lgcc /opt/ost-distro/1.0/sysroots/cortexa8hf-neon-poky-linux-gnueabi/usr/lib/arm-poky-linux-gnueabi/9.3.0/crtendS.o /opt/ost-distro/1.0/sysroots/cortexa8hf-neon-poky-linux-gnueabi/usr/lib/crtn.o
COLLECT_GCC_OPTIONS='--sysroot=/opt/ost-distro/1.0/sysroots/cortexa8hf-neon-poky-linux-gnueabi' '-mfpu=neon' '-mfloat-abi=hard' '-mcpu=cortex-a8' '-fstack-protector-strong' '-D' '_FORTIFY_SOURCE=2' '-Wformat=1' '-Wformat-security' '-Werror=format-security' '-O2' '-pipe' '-g' '-feliminate-unused-debug-types' '-fstack-protector-strong' '-v' '-o' 'cmTC_b625a' '-shared-libgcc' '-mtls-dialect=gnu' '-marm' '-march=armv7-a+sec+simd'



Parsed CXX implicit include dir info from above output: rv=done
  found start of include info
  found start of implicit include info
    add: [/opt/ost-distro/1.0/sysroots/cortexa8hf-neon-poky-linux-gnueabi/usr/include/c++/9.3.0]
    add: [/opt/ost-distro/1.0/sysroots/cortexa8hf-neon-poky-linux-gnueabi/usr/include/c++/9.3.0/arm-poky-linux-gnueabi]
    add: [/opt/ost-distro/1.0/sysroots/cortexa8hf-neon-poky-linux-gnueabi/usr/include/c++/9.3.0/backward]
    add: [/opt/ost-distro/1.0/sysroots/x86_64-pokysdk-linux/usr/lib/arm-poky-linux-gnueabi/gcc/arm-poky-linux-gnueabi/9.3.0/include]
    add: [/opt/ost-distro/1.0/sysroots/x86_64-pokysdk-linux/usr/lib/arm-poky-linux-gnueabi/gcc/arm-poky-linux-gnueabi/9.3.0/include-fixed]
    add: [/opt/ost-distro/1.0/sysroots/cortexa8hf-neon-poky-linux-gnueabi/usr/include/]
  end of search list found
  collapse include dir [/opt/ost-distro/1.0/sysroots/cortexa8hf-neon-poky-linux-gnueabi/usr/include/c++/9.3.0] ==> [/opt/ost-distro/1.0/sysroots/cortexa8hf-neon-poky-linux-gnueabi/usr/include/c++/9.3.0]
  collapse include dir [/opt/ost-distro/1.0/sysroots/cortexa8hf-neon-poky-linux-gnueabi/usr/include/c++/9.3.0/arm-poky-linux-gnueabi] ==> [/opt/ost-distro/1.0/sysroots/cortexa8hf-neon-poky-linux-gnueabi/usr/include/c++/9.3.0/arm-poky-linux-gnueabi]
  collapse include dir [/opt/ost-distro/1.0/sysroots/cortexa8hf-neon-poky-linux-gnueabi/usr/include/c++/9.3.0/backward] ==> [/opt/ost-distro/1.0/sysroots/cortexa8hf-neon-poky-linux-gnueabi/usr/include/c++/9.3.0/backward]
  collapse include dir [/opt/ost-distro/1.0/sysroots/x86_64-pokysdk-linux/usr/lib/arm-poky-linux-gnueabi/gcc/arm-poky-linux-gnueabi/9.3.0/include] ==> [/opt/ost-distro/1.0/sysroots/x86_64-pokysdk-linux/usr/lib/arm-poky-linux-gnueabi/gcc/arm-poky-linux-gnueabi/9.3.0/include]
  collapse include dir [/opt/ost-distro/1.0/sysroots/x86_64-pokysdk-linux/usr/lib/arm-poky-linux-gnueabi/gcc/arm-poky-linux-gnueabi/9.3.0/include-fixed] ==> [/opt/ost-distro/1.0/sysroots/x86_64-pokysdk-linux/usr/lib/arm-poky-linux-gnueabi/gcc/arm-poky-linux-gnueabi/9.3.0/include-fixed]
  collapse include dir [/opt/ost-distro/1.0/sysroots/cortexa8hf-neon-poky-linux-gnueabi/usr/include/] ==> [/opt/ost-distro/1.0/sysroots/cortexa8hf-neon-poky-linux-gnueabi/usr/include]
  implicit include dirs: [/opt/ost-distro/1.0/sysroots/cortexa8hf-neon-poky-linux-gnueabi/usr/include/c++/9.3.0;/opt/ost-distro/1.0/sysroots/cortexa8hf-neon-poky-linux-gnueabi/usr/include/c++/9.3.0/arm-poky-linux-gnueabi;/opt/ost-distro/1.0/sysroots/cortexa8hf-neon-poky-linux-gnueabi/usr/include/c++/9.3.0/backward;/opt/ost-distro/1.0/sysroots/x86_64-pokysdk-linux/usr/lib/arm-poky-linux-gnueabi/gcc/arm-poky-linux-gnueabi/9.3.0/include;/opt/ost-distro/1.0/sysroots/x86_64-pokysdk-linux/usr/lib/arm-poky-linux-gnueabi/gcc/arm-poky-linux-gnueabi/9.3.0/include-fixed;/opt/ost-distro/1.0/sysroots/cortexa8hf-neon-poky-linux-gnueabi/usr/include]


Parsed CXX implicit link information from above output:
  link line regex: [^( *|.*[/\])(arm-poky-linux-gnueabi-ld|CMAKE_LINK_STARTFILE-NOTFOUND|([^/\]+-)?ld|collect2)[^/\]*( |$)]
  ignore line: [Change Dir: /home/jf/eeros-basic-template/build/CMakeFiles/CMakeTmp]
  ignore line: []
  ignore line: [Run Build Command(s):/opt/ost-distro/1.0/sysroots/x86_64-pokysdk-linux/usr/bin/ninja cmTC_b625a && [1/2] Building CXX object CMakeFiles/cmTC_b625a.dir/CMakeCXXCompilerABI.cpp.o]
  ignore line: [Using built-in specs.]
  ignore line: [COLLECT_GCC=/opt/ost-distro/1.0/sysroots/x86_64-pokysdk-linux/usr/bin/arm-poky-linux-gnueabi/arm-poky-linux-gnueabi-g++]
  ignore line: [Target: arm-poky-linux-gnueabi]
  ignore line: [Configured with: ../../../../../../work-shared/gcc-9.3.0-r0/gcc-9.3.0/configure --build=x86_64-linux --host=x86_64-pokysdk-linux --target=arm-poky-linux-gnueabi --prefix=/opt/ost-distro/1.0/sysroots/x86_64-pokysdk-linux/usr --exec_prefix=/opt/ost-distro/1.0/sysroots/x86_64-pokysdk-linux/usr --bindir=/opt/ost-distro/1.0/sysroots/x86_64-pokysdk-linux/usr/bin/arm-poky-linux-gnueabi --sbindir=/opt/ost-distro/1.0/sysroots/x86_64-pokysdk-linux/usr/bin/arm-poky-linux-gnueabi --libexecdir=/opt/ost-distro/1.0/sysroots/x86_64-pokysdk-linux/usr/libexec/arm-poky-linux-gnueabi --datadir=/opt/ost-distro/1.0/sysroots/x86_64-pokysdk-linux/usr/share --sysconfdir=/opt/ost-distro/1.0/sysroots/x86_64-pokysdk-linux/etc --sharedstatedir=/opt/ost-distro/1.0/sysroots/x86_64-pokysdk-linux/com --localstatedir=/opt/ost-distro/1.0/sysroots/x86_64-pokysdk-linux/var --libdir=/opt/ost-distro/1.0/sysroots/x86_64-pokysdk-linux/usr/lib/arm-poky-linux-gnueabi --includedir=/opt/ost-distro/1.0/sysroots/x86_64-pokysdk-linux/usr/include --oldincludedir=/opt/ost-distro/1.0/sysroots/x86_64-pokysdk-linux/usr/include --infodir=/opt/ost-distro/1.0/sysroots/x86_64-pokysdk-linux/usr/share/info --mandir=/opt/ost-distro/1.0/sysroots/x86_64-pokysdk-linux/usr/share/man --disable-silent-rules --disable-dependency-tracking --with-libtool-sysroot=/home/ubuntu/yocto/build/tmp/work/x86_64-nativesdk-pokysdk-linux/gcc-cross-canadian-arm/9.3.0-r0/recipe-sysroot --with-gnu-ld --enable-shared --enable-languages=c,c++,fortran --enable-threads=posix --enable-multilib --enable-default-pie --enable-c99 --enable-long-long --enable-symvers=gnu --enable-libstdcxx-pch --program-prefix=arm-poky-linux-gnueabi- --without-local-prefix --disable-install-libiberty --enable-lto --disable-libssp --enable-libitm --disable-bootstrap --disable-libmudflap --with-system-zlib --with-linker-hash-style=gnu --enable-linker-build-id --with-ppl=no --with-cloog=no --enable-checking=release --enable-cheaders=c_global --without-isl --with-gxx-include-dir=/not/exist/usr/include/c++/9.3.0 --with-build-time-tools=/home/ubuntu/yocto/build/tmp/work/x86_64-nativesdk-pokysdk-linux/gcc-cross-canadian-arm/9.3.0-r0/recipe-sysroot-native/usr/arm-poky-linux-gnueabi/bin --with-sysroot=/not/exist --with-build-sysroot=/home/ubuntu/yocto/build/tmp/work/x86_64-nativesdk-pokysdk-linux/gcc-cross-canadian-arm/9.3.0-r0/recipe-sysroot --enable-poison-system-directories --disable-static --enable-nls --with-glibc-version=2.28 --enable-initfini-array]
  ignore line: [Thread model: posix]
  ignore line: [gcc version 9.3.0 (GCC) ]
  ignore line: [COLLECT_GCC_OPTIONS='--sysroot=/opt/ost-distro/1.0/sysroots/cortexa8hf-neon-poky-linux-gnueabi' '-mfpu=neon' '-mfloat-abi=hard' '-mcpu=cortex-a8' '-fstack-protector-strong' '-D' '_FORTIFY_SOURCE=2' '-Wformat=1' '-Wformat-security' '-Werror=format-security' '-O2' '-pipe' '-g' '-feliminate-unused-debug-types' '-v' '-o' 'CMakeFiles/cmTC_b625a.dir/CMakeCXXCompilerABI.cpp.o' '-c' '-shared-libgcc' '-mtls-dialect=gnu' '-marm' '-march=armv7-a+sec+simd']
  ignore line: [ /opt/ost-distro/1.0/sysroots/x86_64-pokysdk-linux/usr/libexec/arm-poky-linux-gnueabi/gcc/arm-poky-linux-gnueabi/9.3.0/cc1plus -quiet -v -isysroot /opt/ost-distro/1.0/sysroots/cortexa8hf-neon-poky-linux-gnueabi -D_GNU_SOURCE -D _FORTIFY_SOURCE=2 /opt/ost-distro/1.0/sysroots/x86_64-pokysdk-linux/usr/share/cmake-3.16/Modules/CMakeCXXCompilerABI.cpp -quiet -dumpbase CMakeCXXCompilerABI.cpp -mfpu=neon -mfloat-abi=hard -mcpu=cortex-a8 -mtls-dialect=gnu -marm -march=armv7-a+sec+simd -auxbase-strip CMakeFiles/cmTC_b625a.dir/CMakeCXXCompilerABI.cpp.o -g -O2 -Wformat=1 -Wformat-security -Werror=format-security -version -fstack-protector-strong -feliminate-unused-debug-types -o - |]
  ignore line: [ /opt/ost-distro/1.0/sysroots/x86_64-pokysdk-linux/usr/libexec/arm-poky-linux-gnueabi/gcc/arm-poky-linux-gnueabi/9.3.0/as -v -march=armv7-a+sec -mfloat-abi=hard -mfpu=neon -meabi=5 -o CMakeFiles/cmTC_b625a.dir/CMakeCXXCompilerABI.cpp.o]
  ignore line: [GNU assembler version 2.34.0 (arm-poky-linux-gnueabi) using BFD version (GNU Binutils) 2.34.0.20200220]
  ignore line: [GNU C++14 (GCC) version 9.3.0 (arm-poky-linux-gnueabi)]
  ignore line: [	compiled by GNU C version 9.3.0  GMP version 6.2.0  MPFR version 4.0.2  MPC version 1.1.0  isl version none]
  ignore line: [GGC heuristics: --param ggc-min-expand=100 --param ggc-min-heapsize=131072]
  ignore line: [ignoring nonexistent directory "/opt/ost-distro/1.0/sysroots/cortexa8hf-neon-poky-linux-gnueabi/usr/lib/arm-poky-linux-gnueabi/9.3.0/include"]
  ignore line: [ignoring nonexistent directory "/opt/ost-distro/1.0/sysroots/cortexa8hf-neon-poky-linux-gnueabi/usr/local/include"]
  ignore line: [ignoring nonexistent directory "/opt/ost-distro/1.0/sysroots/x86_64-pokysdk-linux/usr/lib/arm-poky-linux-gnueabi/gcc/arm-poky-linux-gnueabi/9.3.0/../../../../../arm-poky-linux-gnueabi/include"]
  ignore line: [#include "..." search starts here:]
  ignore line: [#include <...> search starts here:]
  ignore line: [ /opt/ost-distro/1.0/sysroots/cortexa8hf-neon-poky-linux-gnueabi/usr/include/c++/9.3.0]
  ignore line: [ /opt/ost-distro/1.0/sysroots/cortexa8hf-neon-poky-linux-gnueabi/usr/include/c++/9.3.0/arm-poky-linux-gnueabi]
  ignore line: [ /opt/ost-distro/1.0/sysroots/cortexa8hf-neon-poky-linux-gnueabi/usr/include/c++/9.3.0/backward]
  ignore line: [ /opt/ost-distro/1.0/sysroots/x86_64-pokysdk-linux/usr/lib/arm-poky-linux-gnueabi/gcc/arm-poky-linux-gnueabi/9.3.0/include]
  ignore line: [ /opt/ost-distro/1.0/sysroots/x86_64-pokysdk-linux/usr/lib/arm-poky-linux-gnueabi/gcc/arm-poky-linux-gnueabi/9.3.0/include-fixed]
  ignore line: [ /opt/ost-distro/1.0/sysroots/cortexa8hf-neon-poky-linux-gnueabi/usr/include/]
  ignore line: [End of search list.]
  ignore line: [GNU C++14 (GCC) version 9.3.0 (arm-poky-linux-gnueabi)]
  ignore line: [	compiled by GNU C version 9.3.0  GMP version 6.2.0  MPFR version 4.0.2  MPC version 1.1.0  isl version none]
  ignore line: [GGC heuristics: --param ggc-min-expand=100 --param ggc-min-heapsize=131072]
  ignore line: [Compiler executable checksum: 94dd0f82d6d73c872d16394695609b72]
  ignore line: [COMPILER_PATH=/opt/ost-distro/1.0/sysroots/x86_64-pokysdk-linux/usr/libexec/arm-poky-linux-gnueabi/gcc/arm-poky-linux-gnueabi/9.3.0/:/opt/ost-distro/1.0/sysroots/x86_64-pokysdk-linux/usr/libexec/arm-poky-linux-gnueabi/gcc/arm-poky-linux-gnueabi/9.3.0/:/opt/ost-distro/1.0/sysroots/x86_64-pokysdk-linux/usr/libexec/arm-poky-linux-gnueabi/gcc/arm-poky-linux-gnueabi/:/opt/ost-distro/1.0/sysroots/x86_64-pokysdk-linux/usr/lib/arm-poky-linux-gnueabi/gcc/arm-poky-linux-gnueabi/9.3.0/:/opt/ost-distro/1.0/sysroots/x86_64-pokysdk-linux/usr/lib/arm-poky-linux-gnueabi/gcc/arm-poky-linux-gnueabi/]
  ignore line: [LIBRARY_PATH=/opt/ost-distro/1.0/sysroots/x86_64-pokysdk-linux/usr/lib/arm-poky-linux-gnueabi/gcc/arm-poky-linux-gnueabi/9.3.0/:/opt/ost-distro/1.0/sysroots/cortexa8hf-neon-poky-linux-gnueabi/lib/:/opt/ost-distro/1.0/sysroots/cortexa8hf-neon-poky-linux-gnueabi/usr/lib/arm-poky-linux-gnueabi/9.3.0/:/opt/ost-distro/1.0/sysroots/cortexa8hf-neon-poky-linux-gnueabi/usr/lib/]
  ignore line: [COLLECT_GCC_OPTIONS='--sysroot=/opt/ost-distro/1.0/sysroots/cortexa8hf-neon-poky-linux-gnueabi' '-mfpu=neon' '-mfloat-abi=hard' '-mcpu=cortex-a8' '-fstack-protector-strong' '-D' '_FORTIFY_SOURCE=2' '-Wformat=1' '-Wformat-security' '-Werror=format-security' '-O2' '-pipe' '-g' '-feliminate-unused-debug-types' '-v' '-o' 'CMakeFiles/cmTC_b625a.dir/CMakeCXXCompilerABI.cpp.o' '-c' '-shared-libgcc' '-mtls-dialect=gnu' '-marm' '-march=armv7-a+sec+simd']
  ignore line: [[2/2] Linking CXX executable cmTC_b625a]
  ignore line: [Using built-in specs.]
  ignore line: [COLLECT_GCC=/opt/ost-distro/1.0/sysroots/x86_64-pokysdk-linux/usr/bin/arm-poky-linux-gnueabi/arm-poky-linux-gnueabi-g++]
  ignore line: [COLLECT_LTO_WRAPPER=/opt/ost-distro/1.0/sysroots/x86_64-pokysdk-linux/usr/libexec/arm-poky-linux-gnueabi/gcc/arm-poky-linux-gnueabi/9.3.0/lto-wrapper]
  ignore line: [Target: arm-poky-linux-gnueabi]
  ignore line: [Configured with: ../../../../../../work-shared/gcc-9.3.0-r0/gcc-9.3.0/configure --build=x86_64-linux --host=x86_64-pokysdk-linux --target=arm-poky-linux-gnueabi --prefix=/opt/ost-distro/1.0/sysroots/x86_64-pokysdk-linux/usr --exec_prefix=/opt/ost-distro/1.0/sysroots/x86_64-pokysdk-linux/usr --bindir=/opt/ost-distro/1.0/sysroots/x86_64-pokysdk-linux/usr/bin/arm-poky-linux-gnueabi --sbindir=/opt/ost-distro/1.0/sysroots/x86_64-pokysdk-linux/usr/bin/arm-poky-linux-gnueabi --libexecdir=/opt/ost-distro/1.0/sysroots/x86_64-pokysdk-linux/usr/libexec/arm-poky-linux-gnueabi --datadir=/opt/ost-distro/1.0/sysroots/x86_64-pokysdk-linux/usr/share --sysconfdir=/opt/ost-distro/1.0/sysroots/x86_64-pokysdk-linux/etc --sharedstatedir=/opt/ost-distro/1.0/sysroots/x86_64-pokysdk-linux/com --localstatedir=/opt/ost-distro/1.0/sysroots/x86_64-pokysdk-linux/var --libdir=/opt/ost-distro/1.0/sysroots/x86_64-pokysdk-linux/usr/lib/arm-poky-linux-gnueabi --includedir=/opt/ost-distro/1.0/sysroots/x86_64-pokysdk-linux/usr/include --oldincludedir=/opt/ost-distro/1.0/sysroots/x86_64-pokysdk-linux/usr/include --infodir=/opt/ost-distro/1.0/sysroots/x86_64-pokysdk-linux/usr/share/info --mandir=/opt/ost-distro/1.0/sysroots/x86_64-pokysdk-linux/usr/share/man --disable-silent-rules --disable-dependency-tracking --with-libtool-sysroot=/home/ubuntu/yocto/build/tmp/work/x86_64-nativesdk-pokysdk-linux/gcc-cross-canadian-arm/9.3.0-r0/recipe-sysroot --with-gnu-ld --enable-shared --enable-languages=c,c++,fortran --enable-threads=posix --enable-multilib --enable-default-pie --enable-c99 --enable-long-long --enable-symvers=gnu --enable-libstdcxx-pch --program-prefix=arm-poky-linux-gnueabi- --without-local-prefix --disable-install-libiberty --enable-lto --disable-libssp --enable-libitm --disable-bootstrap --disable-libmudflap --with-system-zlib --with-linker-hash-style=gnu --enable-linker-build-id --with-ppl=no --with-cloog=no --enable-checking=release --enable-cheaders=c_global --without-isl --with-gxx-include-dir=/not/exist/usr/include/c++/9.3.0 --with-build-time-tools=/home/ubuntu/yocto/build/tmp/work/x86_64-nativesdk-pokysdk-linux/gcc-cross-canadian-arm/9.3.0-r0/recipe-sysroot-native/usr/arm-poky-linux-gnueabi/bin --with-sysroot=/not/exist --with-build-sysroot=/home/ubuntu/yocto/build/tmp/work/x86_64-nativesdk-pokysdk-linux/gcc-cross-canadian-arm/9.3.0-r0/recipe-sysroot --enable-poison-system-directories --disable-static --enable-nls --with-glibc-version=2.28 --enable-initfini-array]
  ignore line: [Thread model: posix]
  ignore line: [gcc version 9.3.0 (GCC) ]
  ignore line: [COMPILER_PATH=/opt/ost-distro/1.0/sysroots/x86_64-pokysdk-linux/usr/libexec/arm-poky-linux-gnueabi/gcc/arm-poky-linux-gnueabi/9.3.0/:/opt/ost-distro/1.0/sysroots/x86_64-pokysdk-linux/usr/libexec/arm-poky-linux-gnueabi/gcc/arm-poky-linux-gnueabi/9.3.0/:/opt/ost-distro/1.0/sysroots/x86_64-pokysdk-linux/usr/libexec/arm-poky-linux-gnueabi/gcc/arm-poky-linux-gnueabi/:/opt/ost-distro/1.0/sysroots/x86_64-pokysdk-linux/usr/lib/arm-poky-linux-gnueabi/gcc/arm-poky-linux-gnueabi/9.3.0/:/opt/ost-distro/1.0/sysroots/x86_64-pokysdk-linux/usr/lib/arm-poky-linux-gnueabi/gcc/arm-poky-linux-gnueabi/]
  ignore line: [LIBRARY_PATH=/opt/ost-distro/1.0/sysroots/x86_64-pokysdk-linux/usr/lib/arm-poky-linux-gnueabi/gcc/arm-poky-linux-gnueabi/9.3.0/:/opt/ost-distro/1.0/sysroots/cortexa8hf-neon-poky-linux-gnueabi/lib/:/opt/ost-distro/1.0/sysroots/cortexa8hf-neon-poky-linux-gnueabi/usr/lib/arm-poky-linux-gnueabi/9.3.0/:/opt/ost-distro/1.0/sysroots/cortexa8hf-neon-poky-linux-gnueabi/usr/lib/]
  ignore line: [COLLECT_GCC_OPTIONS='--sysroot=/opt/ost-distro/1.0/sysroots/cortexa8hf-neon-poky-linux-gnueabi' '-mfpu=neon' '-mfloat-abi=hard' '-mcpu=cortex-a8' '-fstack-protector-strong' '-D' '_FORTIFY_SOURCE=2' '-Wformat=1' '-Wformat-security' '-Werror=format-security' '-O2' '-pipe' '-g' '-feliminate-unused-debug-types' '-fstack-protector-strong' '-v' '-o' 'cmTC_b625a' '-shared-libgcc' '-mtls-dialect=gnu' '-marm' '-march=armv7-a+sec+simd']
  link line: [ /opt/ost-distro/1.0/sysroots/x86_64-pokysdk-linux/usr/libexec/arm-poky-linux-gnueabi/gcc/arm-poky-linux-gnueabi/9.3.0/collect2 -plugin /opt/ost-distro/1.0/sysroots/x86_64-pokysdk-linux/usr/libexec/arm-poky-linux-gnueabi/gcc/arm-poky-linux-gnueabi/9.3.0/liblto_plugin.so -plugin-opt=/opt/ost-distro/1.0/sysroots/x86_64-pokysdk-linux/usr/libexec/arm-poky-linux-gnueabi/gcc/arm-poky-linux-gnueabi/9.3.0/lto-wrapper -plugin-opt=-fresolution=/tmp/ccN6EZp4.res -plugin-opt=-pass-through=-lgcc_s -plugin-opt=-pass-through=-lgcc -plugin-opt=-pass-through=-lc -plugin-opt=-pass-through=-lgcc_s -plugin-opt=-pass-through=-lgcc --sysroot=/opt/ost-distro/1.0/sysroots/cortexa8hf-neon-poky-linux-gnueabi --build-id --eh-frame-hdr --hash-style=gnu -dynamic-linker /lib/ld-linux-armhf.so.3 -X -m armelf_linux_eabi -pie -o cmTC_b625a /opt/ost-distro/1.0/sysroots/cortexa8hf-neon-poky-linux-gnueabi/usr/lib/Scrt1.o /opt/ost-distro/1.0/sysroots/cortexa8hf-neon-poky-linux-gnueabi/usr/lib/crti.o /opt/ost-distro/1.0/sysroots/cortexa8hf-neon-poky-linux-gnueabi/usr/lib/arm-poky-linux-gnueabi/9.3.0/crtbeginS.o -L/opt/ost-distro/1.0/sysroots/x86_64-pokysdk-linux/usr/lib/arm-poky-linux-gnueabi/gcc/arm-poky-linux-gnueabi/9.3.0 -L/opt/ost-distro/1.0/sysroots/cortexa8hf-neon-poky-linux-gnueabi/lib -L/opt/ost-distro/1.0/sysroots/cortexa8hf-neon-poky-linux-gnueabi/usr/lib/arm-poky-linux-gnueabi/9.3.0 -L/opt/ost-distro/1.0/sysroots/cortexa8hf-neon-poky-linux-gnueabi/usr/lib -O1 --hash-style=gnu --as-needed -z relro -z now CMakeFiles/cmTC_b625a.dir/CMakeCXXCompilerABI.cpp.o -lstdc++ -lm -lgcc_s -lgcc -lc -lgcc_s -lgcc /opt/ost-distro/1.0/sysroots/cortexa8hf-neon-poky-linux-gnueabi/usr/lib/arm-poky-linux-gnueabi/9.3.0/crtendS.o /opt/ost-distro/1.0/sysroots/cortexa8hf-neon-poky-linux-gnueabi/usr/lib/crtn.o]
    arg [/opt/ost-distro/1.0/sysroots/x86_64-pokysdk-linux/usr/libexec/arm-poky-linux-gnueabi/gcc/arm-poky-linux-gnueabi/9.3.0/collect2] ==> ignore
    arg [-plugin] ==> ignore
    arg [/opt/ost-distro/1.0/sysroots/x86_64-pokysdk-linux/usr/libexec/arm-poky-linux-gnueabi/gcc/arm-poky-linux-gnueabi/9.3.0/liblto_plugin.so] ==> ignore
    arg [-plugin-opt=/opt/ost-distro/1.0/sysroots/x86_64-pokysdk-linux/usr/libexec/arm-poky-linux-gnueabi/gcc/arm-poky-linux-gnueabi/9.3.0/lto-wrapper] ==> ignore
    arg [-plugin-opt=-fresolution=/tmp/ccN6EZp4.res] ==> ignore
    arg [-plugin-opt=-pass-through=-lgcc_s] ==> ignore
    arg [-plugin-opt=-pass-through=-lgcc] ==> ignore
    arg [-plugin-opt=-pass-through=-lc] ==> ignore
    arg [-plugin-opt=-pass-through=-lgcc_s] ==> ignore
    arg [-plugin-opt=-pass-through=-lgcc] ==> ignore
    arg [--sysroot=/opt/ost-distro/1.0/sysroots/cortexa8hf-neon-poky-linux-gnueabi] ==> ignore
    arg [--build-id] ==> ignore
    arg [--eh-frame-hdr] ==> ignore
    arg [--hash-style=gnu] ==> ignore
    arg [-dynamic-linker] ==> ignore
    arg [/lib/ld-linux-armhf.so.3] ==> ignore
    arg [-X] ==> ignore
    arg [-m] ==> ignore
    arg [armelf_linux_eabi] ==> ignore
    arg [-pie] ==> ignore
    arg [-o] ==> ignore
    arg [cmTC_b625a] ==> ignore
    arg [/opt/ost-distro/1.0/sysroots/cortexa8hf-neon-poky-linux-gnueabi/usr/lib/Scrt1.o] ==> ignore
    arg [/opt/ost-distro/1.0/sysroots/cortexa8hf-neon-poky-linux-gnueabi/usr/lib/crti.o] ==> ignore
    arg [/opt/ost-distro/1.0/sysroots/cortexa8hf-neon-poky-linux-gnueabi/usr/lib/arm-poky-linux-gnueabi/9.3.0/crtbeginS.o] ==> ignore
    arg [-L/opt/ost-distro/1.0/sysroots/x86_64-pokysdk-linux/usr/lib/arm-poky-linux-gnueabi/gcc/arm-poky-linux-gnueabi/9.3.0] ==> dir [/opt/ost-distro/1.0/sysroots/x86_64-pokysdk-linux/usr/lib/arm-poky-linux-gnueabi/gcc/arm-poky-linux-gnueabi/9.3.0]
    arg [-L/opt/ost-distro/1.0/sysroots/cortexa8hf-neon-poky-linux-gnueabi/lib] ==> dir [/opt/ost-distro/1.0/sysroots/cortexa8hf-neon-poky-linux-gnueabi/lib]
    arg [-L/opt/ost-distro/1.0/sysroots/cortexa8hf-neon-poky-linux-gnueabi/usr/lib/arm-poky-linux-gnueabi/9.3.0] ==> dir [/opt/ost-distro/1.0/sysroots/cortexa8hf-neon-poky-linux-gnueabi/usr/lib/arm-poky-linux-gnueabi/9.3.0]
    arg [-L/opt/ost-distro/1.0/sysroots/cortexa8hf-neon-poky-linux-gnueabi/usr/lib] ==> dir [/opt/ost-distro/1.0/sysroots/cortexa8hf-neon-poky-linux-gnueabi/usr/lib]
    arg [-O1] ==> ignore
    arg [--hash-style=gnu] ==> ignore
    arg [--as-needed] ==> ignore
    arg [-zrelro] ==> ignore
    arg [-znow] ==> ignore
    arg [CMakeFiles/cmTC_b625a.dir/CMakeCXXCompilerABI.cpp.o] ==> ignore
    arg [-lstdc++] ==> lib [stdc++]
    arg [-lm] ==> lib [m]
    arg [-lgcc_s] ==> lib [gcc_s]
    arg [-lgcc] ==> lib [gcc]
    arg [-lc] ==> lib [c]
    arg [-lgcc_s] ==> lib [gcc_s]
    arg [-lgcc] ==> lib [gcc]
    arg [/opt/ost-distro/1.0/sysroots/cortexa8hf-neon-poky-linux-gnueabi/usr/lib/arm-poky-linux-gnueabi/9.3.0/crtendS.o] ==> ignore
    arg [/opt/ost-distro/1.0/sysroots/cortexa8hf-neon-poky-linux-gnueabi/usr/lib/crtn.o] ==> ignore
  collapse library dir [/opt/ost-distro/1.0/sysroots/x86_64-pokysdk-linux/usr/lib/arm-poky-linux-gnueabi/gcc/arm-poky-linux-gnueabi/9.3.0] ==> [/opt/ost-distro/1.0/sysroots/x86_64-pokysdk-linux/usr/lib/arm-poky-linux-gnueabi/gcc/arm-poky-linux-gnueabi/9.3.0]
  collapse library dir [/opt/ost-distro/1.0/sysroots/cortexa8hf-neon-poky-linux-gnueabi/lib] ==> [/opt/ost-distro/1.0/sysroots/cortexa8hf-neon-poky-linux-gnueabi/lib]
  collapse library dir [/opt/ost-distro/1.0/sysroots/cortexa8hf-neon-poky-linux-gnueabi/usr/lib/arm-poky-linux-gnueabi/9.3.0] ==> [/opt/ost-distro/1.0/sysroots/cortexa8hf-neon-poky-linux-gnueabi/usr/lib/arm-poky-linux-gnueabi/9.3.0]
  collapse library dir [/opt/ost-distro/1.0/sysroots/cortexa8hf-neon-poky-linux-gnueabi/usr/lib] ==> [/opt/ost-distro/1.0/sysroots/cortexa8hf-neon-poky-linux-gnueabi/usr/lib]
  implicit libs: [stdc++;m;gcc_s;gcc;c;gcc_s;gcc]
  implicit dirs: [/opt/ost-distro/1.0/sysroots/x86_64-pokysdk-linux/usr/lib/arm-poky-linux-gnueabi/gcc/arm-poky-linux-gnueabi/9.3.0;/opt/ost-distro/1.0/sysroots/cortexa8hf-neon-poky-linux-gnueabi/lib;/opt/ost-distro/1.0/sysroots/cortexa8hf-neon-poky-linux-gnueabi/usr/lib/arm-poky-linux-gnueabi/9.3.0;/opt/ost-distro/1.0/sysroots/cortexa8hf-neon-poky-linux-gnueabi/usr/lib]
  implicit fwks: []


